2025-06-22 15:33:19,681 [INFO] WebApp:194 - Connection lost
2025-06-22 15:33:31,435 [INFO] WebApp:191 - Connection restablished
2025-06-22 15:33:31,442 [INFO] WebApp:194 - Connection lost
2025-06-22 15:33:32,121 [INFO] WebApp:191 - Connection restablished
2025-06-22 15:34:35,681 [INFO] WebApp:194 - Connection lost
2025-06-22 15:34:35,927 [INFO] WebApp:191 - Connection restablished
2025-06-22 15:41:52,177 [INFO] WebApp:194 - Connection lost
2025-06-22 15:41:52,430 [INFO] WebApp:191 - Connection restablished
2025-06-22 15:42:26,195 [INFO] WebApp:194 - Connection lost
2025-06-22 15:42:26,426 [INFO] WebApp:191 - Connection restablished
2025-06-22 15:43:21,661 [INFO] WebApp:194 - Connection lost
2025-06-22 15:43:21,903 [INFO] WebApp:191 - Connection restablished
2025-06-22 15:47:38,920 [INFO] WebApp:194 - Connection lost
2025-06-22 15:47:46,725 [INFO] WebApp:191 - Connection restablished
2025-06-22 15:47:49,166 [INFO] WebApp:194 - Connection lost
2025-06-22 15:47:49,400 [INFO] WebApp:191 - Connection restablished
2025-06-22 15:50:21,208 [INFO] WebApp:194 - Connection lost
2025-06-22 15:50:21,454 [INFO] WebApp:191 - Connection restablished
2025-06-22 15:57:08,210 [INFO] WebApp:194 - Connection lost
2025-06-22 16:29:16,754 [INFO] WebApp:191 - Connection restablished
2025-06-22 16:29:29,592 [INFO] WebApp:194 - Connection lost
2025-06-22 16:29:30,365 [INFO] WebApp:191 - Connection restablished
2025-06-22 16:29:31,157 [INFO] WebApp:194 - Connection lost
2025-06-22 16:29:32,294 [INFO] WebApp:191 - Connection restablished
2025-06-22 16:37:14,497 [WARN] IP:2250 - I2C_Coeff_DF not found: check if there is a RefParameter without a condition.
2025-06-22 16:37:14,502 [WARN] IP:2250 - Analog_Filter not found: check if there is a RefParameter without a condition.
2025-06-22 16:37:14,647 [WARN] IP:2250 - I2C_Coeff_DF not found: check if there is a RefParameter without a condition.
2025-06-22 16:37:14,647 [WARN] IP:2250 - Analog_Filter not found: check if there is a RefParameter without a condition.
2025-06-22 16:37:14,649 [WARN] IP:2250 - I2C_Coeff_DF not found: check if there is a RefParameter without a condition.
2025-06-22 16:37:14,649 [WARN] IP:2250 - Analog_Filter not found: check if there is a RefParameter without a condition.
2025-06-22 16:37:14,947 [WARN] IP:2250 - I2C_Coeff_DF not found: check if there is a RefParameter without a condition.
2025-06-22 16:37:14,947 [WARN] IP:2250 - Analog_Filter not found: check if there is a RefParameter without a condition.
2025-06-22 16:37:14,952 [WARN] IP:2250 - I2C_Coeff_DF not found: check if there is a RefParameter without a condition.
2025-06-22 16:37:14,952 [WARN] IP:2250 - Analog_Filter not found: check if there is a RefParameter without a condition.
2025-06-22 16:37:35,866 [INFO] NvicIntPanel:101 - NVIC parent = com.st.microxplorer.plugins.ip.nvic.MultiNvicIntPanel[,0,0,543x294,layout=javax.swing.BoxLayout,alignmentX=0.0,alignmentY=0.0,border=,flags=9,maximumSize=,minimumSize=,preferredSize=]
2025-06-22 16:37:40,401 [WARN] IP:2250 - I2C_Coeff_DF not found: check if there is a RefParameter without a condition.
2025-06-22 16:37:40,402 [WARN] IP:2250 - Analog_Filter not found: check if there is a RefParameter without a condition.
2025-06-22 16:37:45,130 [WARN] IP:2250 - I2C_Coeff_DF not found: check if there is a RefParameter without a condition.
2025-06-22 16:37:45,130 [WARN] IP:2250 - Analog_Filter not found: check if there is a RefParameter without a condition.
2025-06-22 16:37:45,131 [WARN] IP:2250 - I2C_Coeff_DF not found: check if there is a RefParameter without a condition.
2025-06-22 16:37:45,131 [WARN] IP:2250 - Analog_Filter not found: check if there is a RefParameter without a condition.
2025-06-22 16:37:45,232 [WARN] IP:2250 - I2C_Coeff_DF not found: check if there is a RefParameter without a condition.
2025-06-22 16:37:45,233 [WARN] IP:2250 - Analog_Filter not found: check if there is a RefParameter without a condition.
2025-06-22 16:37:45,241 [WARN] IP:2250 - I2C_Coeff_DF not found: check if there is a RefParameter without a condition.
2025-06-22 16:37:45,242 [WARN] IP:2250 - Analog_Filter not found: check if there is a RefParameter without a condition.
2025-06-22 16:40:56,996 [INFO] MainUpdater:2872 - connection check result : 10
2025-06-22 16:40:57,195 [INFO] McuFinderGlobals:76 - Set McuFinderConnectedMode to true
2025-06-22 16:40:57,197 [INFO] MultiScanPanel:200 - Auto-refresh data requested => check proxy status ongoing
2025-06-22 16:40:57,199 [INFO] FinderPluginLoader:95 - Searching for filters in installed packs
2025-06-22 16:40:59,361 [INFO] LoadUrlFilesThread:185 - End of LoadServerUrlFiles without Thread
2025-06-22 16:40:59,361 [INFO] DetailPanel:341 - Set advertising image to C:/Users/prana/STM32Cube/Repository/\en.cubemxfinderstm32wba6.jpg
2025-06-22 16:41:04,755 [INFO] ApiDb:581 - Connected to CubeFinder SQLite database (C:\Users\prana\.stmcufinder\plugins\mcufinder\mcu\cube-finder-db.db)
2025-06-22 16:41:37,614 [INFO] UtilMem:75 - End SaveConfig() Used Memory: 675900680 Bytes (1061158912)
2025-06-22 16:41:39,294 [INFO] UtilMem:75 - End SaveConfig() Used Memory: 698157232 Bytes (1061158912)
2025-06-22 16:41:44,450 [INFO] UtilMem:75 - End SaveConfig() Used Memory: 770272520 Bytes (1061158912)
2025-06-22 16:41:44,903 [INFO] BlockDiagram:2775 - set Specific Code input for plugin: NVIC
2025-06-22 16:41:44,903 [INFO] BlockDiagram:2775 - set Specific Code input for plugin: SYS
2025-06-22 16:41:44,903 [INFO] BlockDiagram:2775 - set Specific Code input for plugin: GPIO
2025-06-22 16:41:44,903 [INFO] BlockDiagram:2775 - set Specific Code input for plugin: RCC
2025-06-22 16:41:44,905 [INFO] CodeGenerator:882 - code generatio: config db path: C:\ST\STM32CubeIDE_1.18.1\STM32CubeIDE\plugins\com.st.stm32cube.common.mx_6.14.1.202504091515\\db\
2025-06-22 16:41:45,047 [INFO] CodeEngine:263 - oldGeneratedFile, C:\Users\prana\STM32CubeIDE\workspace_1.18.1\blackpill-f411ce-helloWorld\MXTmpFiles\license.tmp_save
2025-06-22 16:41:45,317 [INFO] CodeEngine:287 - Generated code: C:\Users\prana\STM32CubeIDE\workspace_1.18.1\blackpill-f411ce-helloWorld\MXTmpFiles\license.tmp
2025-06-22 16:41:45,372 [INFO] CodeEngine:263 - oldGeneratedFile, C:\Users\prana\STM32CubeIDE\workspace_1.18.1\blackpill-f411ce-helloWorld\MXTmpFiles\gpio.tmp_save
2025-06-22 16:41:45,513 [INFO] CodeEngine:287 - Generated code: C:\Users\prana\STM32CubeIDE\workspace_1.18.1\blackpill-f411ce-helloWorld\MXTmpFiles\gpio.tmp
2025-06-22 16:41:45,576 [INFO] CodeEngine:263 - oldGeneratedFile, C:\Users\prana\STM32CubeIDE\workspace_1.18.1\blackpill-f411ce-helloWorld\Core\Src\stm32f4xx_it.c_save
2025-06-22 16:41:45,772 [INFO] CodeEngine:287 - Generated code: C:\Users\prana\STM32CubeIDE\workspace_1.18.1\blackpill-f411ce-helloWorld\Core\Src\stm32f4xx_it.c
2025-06-22 16:41:45,804 [INFO] CodeEngine:263 - oldGeneratedFile, C:\Users\prana\STM32CubeIDE\workspace_1.18.1\blackpill-f411ce-helloWorld\Core\Inc\stm32f4xx_it.h_save
2025-06-22 16:41:45,902 [INFO] CodeEngine:287 - Generated code: C:\Users\prana\STM32CubeIDE\workspace_1.18.1\blackpill-f411ce-helloWorld\Core\Inc\stm32f4xx_it.h
2025-06-22 16:41:45,934 [INFO] CodeEngine:263 - oldGeneratedFile, C:\Users\prana\STM32CubeIDE\workspace_1.18.1\blackpill-f411ce-helloWorld\Core\Src\stm32f4xx_hal_msp.c_save
2025-06-22 16:41:46,044 [INFO] CodeEngine:287 - Generated code: C:\Users\prana\STM32CubeIDE\workspace_1.18.1\blackpill-f411ce-helloWorld\Core\Src\stm32f4xx_hal_msp.c
2025-06-22 16:41:46,059 [INFO] CodeEngine:263 - oldGeneratedFile, C:\Users\prana\STM32CubeIDE\workspace_1.18.1\blackpill-f411ce-helloWorld\MXTmpFiles\system.tmp_save
2025-06-22 16:41:46,164 [INFO] CodeEngine:287 - Generated code: C:\Users\prana\STM32CubeIDE\workspace_1.18.1\blackpill-f411ce-helloWorld\MXTmpFiles\system.tmp
2025-06-22 16:41:46,208 [INFO] CodeEngine:319 - oldGeneratedFile, C:\Users\prana\STM32CubeIDE\workspace_1.18.1\blackpill-f411ce-helloWorld\Core\Inc\stm32f4xx_hal_conf.h_save
2025-06-22 16:41:46,320 [INFO] CodeEngine:343 - Generated code: C:\Users\prana\STM32CubeIDE\workspace_1.18.1\blackpill-f411ce-helloWorld\Core\Inc\stm32f4xx_hal_conf.h
2025-06-22 16:41:46,417 [INFO] CodeEngine:263 - oldGeneratedFile, C:\Users\prana\STM32CubeIDE\workspace_1.18.1\blackpill-f411ce-helloWorld\Core\Inc\main.h_save
2025-06-22 16:41:46,540 [INFO] CodeEngine:287 - Generated code: C:\Users\prana\STM32CubeIDE\workspace_1.18.1\blackpill-f411ce-helloWorld\Core\Inc\main.h
2025-06-22 16:41:46,567 [INFO] CodeEngine:263 - oldGeneratedFile, C:\Users\prana\STM32CubeIDE\workspace_1.18.1\blackpill-f411ce-helloWorld\Core\Src\main.c_save
2025-06-22 16:41:46,688 [INFO] CodeEngine:287 - Generated code: C:\Users\prana\STM32CubeIDE\workspace_1.18.1\blackpill-f411ce-helloWorld\Core\Src\main.c
2025-06-22 16:41:47,171 [INFO] ProjectBuilder:3324 - Time for Copy HAL[1] : 305mS.
2025-06-22 16:41:47,174 [INFO] ProjectBuilder:4912 - Project Generator version: 4.6.0.1-B1
2025-06-22 16:41:47,237 [INFO] ConfigFileManager:1590 - The Die is : DIE431
2025-06-22 16:41:48,787 [INFO] ProjectBuilder:5191 - Time for Generating toolchain IDE Files: 1614mS.
2025-06-22 16:41:48,788 [INFO] ProjectBuilder:3181 - Time for Copy CMSIS : 0mS.
2025-06-22 16:41:48,796 [INFO] ProjectBuilder:3181 - Time for Copy CMSIS : 0mS.
2025-06-22 16:41:49,866 [INFO] MainUpdater:2872 - connection check result : 10
2025-06-22 16:41:49,867 [INFO] MainUpdater:2872 - connection check result : 10
2025-06-22 16:41:50,005 [INFO] MicroXplorer:468 - Change Database Path : 
2025-06-22 16:41:50,005 [INFO] MicroXplorer:498 - Change Database Version : DB.6.0.141
2025-06-22 16:41:50,068 [ERROR] ProjectManagerView:395 - 
java.lang.NullPointerException: Cannot invoke "javax.swing.JTextField.getText()" because the return value of "java.util.List.get(int)" is null
	at com.st.microxplorer.plugins.projectmanager.gui.ProjectChoiceTab$9.caretUpdate(ProjectChoiceTab.java:2678) ~[filemanager.jar:?]
	at javax.swing.text.JTextComponent.fireCaretUpdate(JTextComponent.java:408) ~[?:?]
	at javax.swing.text.JTextComponent$MutableCaretEvent.fire(JTextComponent.java:4484) ~[?:?]
	at javax.swing.text.JTextComponent$MutableCaretEvent.stateChanged(JTextComponent.java:4506) ~[?:?]
	at javax.swing.text.DefaultCaret.fireStateChanged(DefaultCaret.java:857) ~[?:?]
	at javax.swing.text.DefaultCaret.changeCaretPosition(DefaultCaret.java:1343) ~[?:?]
	at javax.swing.text.DefaultCaret.handleSetDot(DefaultCaret.java:1242) ~[?:?]
	at javax.swing.text.DefaultCaret.setDot(DefaultCaret.java:1223) ~[?:?]
	at javax.swing.text.DefaultCaret$Handler.insertUpdate(DefaultCaret.java:1819) ~[?:?]
	at javax.swing.text.AbstractDocument.fireInsertUpdate(AbstractDocument.java:227) ~[?:?]
	at javax.swing.text.AbstractDocument.handleInsertString(AbstractDocument.java:781) ~[?:?]
	at javax.swing.text.AbstractDocument.insertString(AbstractDocument.java:740) ~[?:?]
	at javax.swing.text.PlainDocument.insertString(PlainDocument.java:131) ~[?:?]
	at javax.swing.text.AbstractDocument.replace(AbstractDocument.java:699) ~[?:?]
	at javax.swing.text.JTextComponent.setText(JTextComponent.java:1725) ~[?:?]
	at com.st.microxplorer.plugins.projectmanager.gui.ProjectChoiceTab.createHeapStackFields(ProjectChoiceTab.java:979) ~[filemanager.jar:?]
	at com.st.microxplorer.plugins.projectmanager.gui.ProjectChoiceTab.buildLinkSettingsPanel(ProjectChoiceTab.java:3766) ~[filemanager.jar:?]
	at com.st.microxplorer.plugins.projectmanager.gui.ProjectChoiceTab.defineWindowsFields(ProjectChoiceTab.java:1962) ~[filemanager.jar:?]
	at com.st.microxplorer.plugins.projectmanager.gui.ProjectChoiceTab.updateSettings(ProjectChoiceTab.java:555) ~[filemanager.jar:?]
	at com.st.microxplorer.plugins.projectmanager.gui.ProjectSettingsPanel.UpdateDialog(ProjectSettingsPanel.java:245) ~[filemanager.jar:?]
	at com.st.microxplorer.plugins.projectmanager.ProjectManagerView.propertyChange(ProjectManagerView.java:392) ~[filemanager.jar:?]
	at java.beans.PropertyChangeSupport.fire(PropertyChangeSupport.java:343) ~[?:?]
	at java.beans.PropertyChangeSupport.firePropertyChange(PropertyChangeSupport.java:335) ~[?:?]
	at java.beans.PropertyChangeSupport.firePropertyChange(PropertyChangeSupport.java:268) ~[?:?]
	at com.st.microxplorer.util.MXPropertyChangeSupport.firePropertyChange(MXPropertyChangeSupport.java:54) ~[STM32CubeMX.jar:?]
	at com.st.microxplorer.mxsystem.MxSystem.closeConfig(MxSystem.java:899) ~[STM32CubeMX.jar:?]
	at com.st.microxplorer.maingui.MainPanel.closeConfig(MainPanel.java:789) ~[STM32CubeMX.jar:?]
	at com.st.microxplorer.plugins.filemanager.engine.OpenFileManager.loadConfigurationFile(OpenFileManager.java:287) ~[filemanager.jar:?]
	at com.st.microxplorer.plugins.filemanager.engine.MainFileManager.userLoadConfig(MainFileManager.java:341) ~[filemanager.jar:?]
	at com.st.microxplorer.plugins.filemanager.engine.MainFileManager.userLoadConfig(MainFileManager.java:319) ~[filemanager.jar:?]
	at com.st.microxplorer.plugins.filemanager.FileManagerView.getSpecificTask(FileManagerView.java:246) ~[filemanager.jar:?]
	at com.st.stm32cube.common.mx.editor.CubeMxEditor.getMxTabbedPaneInstance(CubeMxEditor.java:1198) ~[com.st.stm32cube.common.mx_6.14.1.202504091515/:?]
	at com.st.stm32cube.common.mx.editor.CubeMxEditor$12$1.createSwingComponent(CubeMxEditor.java:1068) ~[com.st.stm32cube.common.mx_6.14.1.202504091515/:?]
	at com.st.stm32cube.common.mx.oss.core.awtswtbridge.EmbeddedSwingComposite.doComponentCreation(EmbeddedSwingComposite.java:492) ~[com.st.stm32cube.common.mx.oss_6.14.1.202504091515/:?]
	at com.st.stm32cube.common.mx.oss.core.awtswtbridge.EmbeddedSwingComposite$4.run(EmbeddedSwingComposite.java:291) ~[com.st.stm32cube.common.mx.oss_6.14.1.202504091515/:?]
	at com.st.stm32cube.common.mx.oss.core.awtswtbridge.AwtEnvironment$2.run(AwtEnvironment.java:166) ~[com.st.stm32cube.common.mx.oss_6.14.1.202504091515/:?]
	at java.awt.event.InvocationEvent.dispatch(InvocationEvent.java:318) ~[?:?]
	at java.awt.EventQueue.dispatchEventImpl(EventQueue.java:773) ~[?:?]
	at java.awt.EventQueue$4.run(EventQueue.java:720) ~[?:?]
	at java.awt.EventQueue$4.run(EventQueue.java:714) ~[?:?]
	at java.security.AccessController.doPrivileged(AccessController.java:400) ~[?:?]
	at java.security.ProtectionDomain$JavaSecurityAccessImpl.doIntersectionPrivilege(ProtectionDomain.java:87) ~[?:?]
	at java.awt.EventQueue.dispatchEvent(EventQueue.java:742) ~[?:?]
	at java.awt.EventDispatchThread.pumpOneEventForFilters(EventDispatchThread.java:203) ~[?:?]
	at java.awt.EventDispatchThread.pumpEventsForFilter(EventDispatchThread.java:124) ~[?:?]
	at java.awt.EventDispatchThread.pumpEventsForHierarchy(EventDispatchThread.java:113) ~[?:?]
	at java.awt.EventDispatchThread.pumpEvents(EventDispatchThread.java:109) ~[?:?]
	at java.awt.EventDispatchThread.pumpEvents(EventDispatchThread.java:101) ~[?:?]
	at java.awt.EventDispatchThread.run(EventDispatchThread.java:90) ~[?:?]
2025-06-22 16:41:50,107 [WARN] ThirdParty:871 - waiting for thirdparty lock release [close project]
2025-06-22 16:41:50,107 [INFO] ThirdParty:873 - entering critical section [close project]
2025-06-22 16:41:50,108 [INFO] ThirdParty:883 - exiting critical section [close project]
2025-06-22 16:41:50,112 [INFO] PinOutPanel:1589 - setPackage(No Configuration,No Configuration)
2025-06-22 16:41:50,132 [WARN] IpParametersView:155 - Warning: This peripheral hasn't parameters
2025-06-22 16:41:50,145 [WARN] MainPanel:289 - <html><b><center>Warning: This peripheral has no parameters to be configured<br></b></html>
2025-06-22 16:41:50,163 [INFO] UtilMem:75 - Begin LoadConfig() Used Memory: 334371872 Bytes (1010827264)
2025-06-22 16:41:50,165 [INFO] MicroXplorer:468 - Change Database Path : 
2025-06-22 16:41:50,165 [INFO] MicroXplorer:498 - Change Database Version : DB.6.0.141
2025-06-22 16:41:50,165 [INFO] OpenFileManager:354 - Change cursor
2025-06-22 16:41:50,237 [INFO] RulesReader:64 - Compatibility file has been processed (302 Rules)
2025-06-22 16:41:50,269 [INFO] Mcu:2011 - Initializing MCU STM32F411CEUx STM32F411CEUx STM32F411CEU6
2025-06-22 16:41:52,762 [INFO] Context:756 - Trying to add GPIOservice into a context  which must be forbidden
2025-06-22 16:41:53,943 [INFO] ImportTextPane:218 - (OptionalMessage_ERROR) Unable to find key (Mcu.ThirdPartyNb) in loaded IOC file
2025-06-22 16:41:53,948 [INFO] ImportTextPane:218 - (OptionalMessage_ERROR) Unable to find key (Mcu.PinsNb) in loaded IOC file
2025-06-22 16:41:53,951 [INFO] ImportTextPane:218 - (OptionalMessage_ERROR) Pin0 (VP_RIF_VS_RIF1) cannot be retrieved for this MCU
2025-06-22 16:41:53,951 [INFO] ImportTextPane:218 - (OptionalMessage_ERROR) Unable to find key (Mcu.IPNb) in loaded IOC file
2025-06-22 16:41:54,496 [INFO] RtosManager:558 - Registered RTOS mode: class=CMSIS, group=RTOS, mode=CMSIS_V1, owner=FREERTOS
2025-06-22 16:41:54,496 [INFO] RtosManager:558 - Registered RTOS mode: class=CMSIS, group=RTOS2, mode=CMSIS_V2, owner=FREERTOS
2025-06-22 16:41:54,496 [INFO] RtosManager:558 - Registered RTOS mode: class=RTOS, group=Core, mode=CMSIS_V1, owner=FREERTOS
2025-06-22 16:41:54,497 [INFO] RtosManager:558 - Registered RTOS mode: class=RTOS, group=Core, mode=CMSIS_V2, owner=FREERTOS
2025-06-22 16:41:54,497 [WARN] ModelIntegratedComponent:184 - Missing modes for component STMicroelectronics:FreeRTOS:0.0.1:STMicroelectronics:RTOS:FreeRTOS:Core:::10.2.0:
2025-06-22 16:41:54,511 [WARN] ModelIntegratedComponent:182 - Modes not found for component STMicroelectronics:USB_HOST:1.0.0:STMicroelectronics:USB::USB Host:Audio HS::1.0:USB_HOST_1_0_RESTRICTED_HS
2025-06-22 16:41:54,511 [WARN] ModelIntegratedComponent:188 - Modes not found for component STMicroelectronics:USB_HOST:1.0.0:STMicroelectronics:USB::USB Host:Audio HS::1.0:USB_HOST_1_0_RESTRICTED_HS
2025-06-22 16:41:54,511 [WARN] ModelIntegratedComponent:182 - Modes not found for component STMicroelectronics:USB_HOST:1.0.0:STMicroelectronics:USB::USB Host:CDC HS::1.0:USB_HOST_1_0_RESTRICTED_HS
2025-06-22 16:41:54,512 [WARN] ModelIntegratedComponent:188 - Modes not found for component STMicroelectronics:USB_HOST:1.0.0:STMicroelectronics:USB::USB Host:CDC HS::1.0:USB_HOST_1_0_RESTRICTED_HS
2025-06-22 16:41:54,512 [WARN] ModelIntegratedComponent:182 - Modes not found for component STMicroelectronics:USB_HOST:1.0.0:STMicroelectronics:USB::USB Host:MSC HS::1.0:USB_HOST_1_0_RESTRICTED_HS
2025-06-22 16:41:54,512 [WARN] ModelIntegratedComponent:188 - Modes not found for component STMicroelectronics:USB_HOST:1.0.0:STMicroelectronics:USB::USB Host:MSC HS::1.0:USB_HOST_1_0_RESTRICTED_HS
2025-06-22 16:41:54,512 [WARN] ModelIntegratedComponent:182 - Modes not found for component STMicroelectronics:USB_HOST:1.0.0:STMicroelectronics:USB::USB Host:HID HS::1.0:USB_HOST_1_0_RESTRICTED_HS
2025-06-22 16:41:54,512 [WARN] ModelIntegratedComponent:188 - Modes not found for component STMicroelectronics:USB_HOST:1.0.0:STMicroelectronics:USB::USB Host:HID HS::1.0:USB_HOST_1_0_RESTRICTED_HS
2025-06-22 16:41:54,512 [WARN] ModelIntegratedComponent:182 - Modes not found for component STMicroelectronics:USB_HOST:1.0.0:STMicroelectronics:USB::USB Host:MTP HS::1.0:USB_HOST_1_0_RESTRICTED_HS
2025-06-22 16:41:54,512 [WARN] ModelIntegratedComponent:188 - Modes not found for component STMicroelectronics:USB_HOST:1.0.0:STMicroelectronics:USB::USB Host:MTP HS::1.0:USB_HOST_1_0_RESTRICTED_HS
2025-06-22 16:41:54,553 [WARN] ModelIntegratedComponent:63 - No mode defined for component null
2025-06-22 16:41:54,556 [WARN] ModelIntegratedComponent:63 - No mode defined for component null
2025-06-22 16:41:54,557 [WARN] ModelIntegratedComponent:63 - No mode defined for component null
2025-06-22 16:41:54,558 [WARN] ModelIntegratedComponent:63 - No mode defined for component null
2025-06-22 16:41:54,558 [WARN] ModelIntegratedComponent:63 - No mode defined for component null
2025-06-22 16:41:54,558 [WARN] ModelIntegratedComponent:63 - No mode defined for component null
2025-06-22 16:41:54,558 [WARN] ModelIntegratedComponent:63 - No mode defined for component null
2025-06-22 16:41:54,559 [WARN] ModelIntegratedComponent:63 - No mode defined for component null
2025-06-22 16:41:54,559 [WARN] ModelIntegratedComponent:63 - No mode defined for component null
2025-06-22 16:41:54,559 [WARN] ModelIntegratedComponent:63 - No mode defined for component null
2025-06-22 16:41:54,559 [WARN] ModelIntegratedComponent:63 - No mode defined for component null
2025-06-22 16:41:54,559 [WARN] ModelIntegratedComponent:63 - No mode defined for component null
2025-06-22 16:41:54,559 [WARN] ModelIntegratedComponent:63 - No mode defined for component null
2025-06-22 16:41:54,560 [WARN] ModelIntegratedComponent:63 - No mode defined for component null
2025-06-22 16:41:54,560 [WARN] ModelIntegratedComponent:63 - No mode defined for component null
2025-06-22 16:41:54,560 [WARN] ModelIntegratedComponent:63 - No mode defined for component null
2025-06-22 16:41:54,560 [WARN] ModelIntegratedComponent:63 - No mode defined for component null
2025-06-22 16:41:54,560 [WARN] ModelIntegratedComponent:63 - No mode defined for component null
2025-06-22 16:41:54,560 [WARN] ModelIntegratedComponent:63 - No mode defined for component null
2025-06-22 16:41:54,560 [WARN] ModelIntegratedComponent:63 - No mode defined for component null
2025-06-22 16:41:54,560 [WARN] ModelIntegratedComponent:63 - No mode defined for component null
2025-06-22 16:41:54,561 [WARN] ModelIntegratedComponent:63 - No mode defined for component null
2025-06-22 16:41:54,561 [WARN] ModelIntegratedComponent:63 - No mode defined for component null
2025-06-22 16:41:54,561 [WARN] ModelIntegratedComponent:63 - No mode defined for component null
2025-06-22 16:41:54,561 [WARN] ModelIntegratedComponent:63 - No mode defined for component null
2025-06-22 16:41:54,561 [WARN] ModelIntegratedComponent:63 - No mode defined for component null
2025-06-22 16:41:54,561 [WARN] ModelIntegratedComponent:63 - No mode defined for component null
2025-06-22 16:41:54,561 [WARN] ModelIntegratedComponent:63 - No mode defined for component null
2025-06-22 16:41:54,561 [WARN] ModelIntegratedComponent:63 - No mode defined for component null
2025-06-22 16:41:54,562 [WARN] ModelIntegratedComponent:63 - No mode defined for component null
2025-06-22 16:41:54,564 [WARN] ModelIntegratedComponent:63 - No mode defined for component null
2025-06-22 16:41:54,564 [WARN] ModelIntegratedComponent:63 - No mode defined for component null
2025-06-22 16:41:54,564 [WARN] ModelIntegratedComponent:63 - No mode defined for component null
2025-06-22 16:41:54,565 [WARN] ModelIntegratedComponent:63 - No mode defined for component null
2025-06-22 16:41:54,565 [WARN] ModelIntegratedComponent:63 - No mode defined for component null
2025-06-22 16:41:54,565 [WARN] ModelPack:524 - Component already loaded: STMicroelectronics:HAL Drivers:0.0.0:STMicroelectronics:Device:STMicro_Driver:XSPI:HAL::0.0.1:HAL_XSPI
2025-06-22 16:41:54,780 [WARN] ModelIntegratedComponent:182 - Modes not found for component STMicroelectronics:USB_DEVICE:1.0.0:STMicroelectronics:USB::USB Device:Audio HS::1.0:USB_DEVICE_1_0_RESTRICTED_HS
2025-06-22 16:41:54,781 [WARN] ModelIntegratedComponent:188 - Modes not found for component STMicroelectronics:USB_DEVICE:1.0.0:STMicroelectronics:USB::USB Device:Audio HS::1.0:USB_DEVICE_1_0_RESTRICTED_HS
2025-06-22 16:41:54,781 [WARN] ModelIntegratedComponent:182 - Modes not found for component STMicroelectronics:USB_DEVICE:1.0.0:STMicroelectronics:USB::USB Device:CDC HS::1.0:USB_DEVICE_1_0_RESTRICTED_HS
2025-06-22 16:41:54,781 [WARN] ModelIntegratedComponent:188 - Modes not found for component STMicroelectronics:USB_DEVICE:1.0.0:STMicroelectronics:USB::USB Device:CDC HS::1.0:USB_DEVICE_1_0_RESTRICTED_HS
2025-06-22 16:41:54,781 [WARN] ModelIntegratedComponent:182 - Modes not found for component STMicroelectronics:USB_DEVICE:1.0.0:STMicroelectronics:USB::USB Device:DFU HS::1.0:USB_DEVICE_1_0_RESTRICTED_HS
2025-06-22 16:41:54,781 [WARN] ModelIntegratedComponent:188 - Modes not found for component STMicroelectronics:USB_DEVICE:1.0.0:STMicroelectronics:USB::USB Device:DFU HS::1.0:USB_DEVICE_1_0_RESTRICTED_HS
2025-06-22 16:41:54,781 [WARN] ModelIntegratedComponent:182 - Modes not found for component STMicroelectronics:USB_DEVICE:1.0.0:STMicroelectronics:USB::USB Device:HID HS::1.0:USB_DEVICE_1_0_RESTRICTED_HS
2025-06-22 16:41:54,781 [WARN] ModelIntegratedComponent:188 - Modes not found for component STMicroelectronics:USB_DEVICE:1.0.0:STMicroelectronics:USB::USB Device:HID HS::1.0:USB_DEVICE_1_0_RESTRICTED_HS
2025-06-22 16:41:54,781 [WARN] ModelIntegratedComponent:182 - Modes not found for component STMicroelectronics:USB_DEVICE:1.0.0:STMicroelectronics:USB::USB Device:Custom HID HS::1.0:USB_DEVICE_1_0_RESTRICTED_HS
2025-06-22 16:41:54,781 [WARN] ModelIntegratedComponent:188 - Modes not found for component STMicroelectronics:USB_DEVICE:1.0.0:STMicroelectronics:USB::USB Device:Custom HID HS::1.0:USB_DEVICE_1_0_RESTRICTED_HS
2025-06-22 16:41:54,783 [WARN] ModelIntegratedComponent:182 - Modes not found for component STMicroelectronics:USB_DEVICE:1.0.0:STMicroelectronics:USB::USB Device:MSC HS::1.0:USB_DEVICE_1_0_RESTRICTED_HS
2025-06-22 16:41:54,783 [WARN] ModelIntegratedComponent:188 - Modes not found for component STMicroelectronics:USB_DEVICE:1.0.0:STMicroelectronics:USB::USB Device:MSC HS::1.0:USB_DEVICE_1_0_RESTRICTED_HS
2025-06-22 16:41:54,808 [INFO] ThirdPartyModel:298 - Start build external matchings
2025-06-22 16:41:57,240 [INFO] ThirdPartyModel:316 - End build external matchings
2025-06-22 16:41:57,790 [INFO] UtilMem:75 - End LoadConfig() Used Memory: 575572208 Bytes (1010827264)
2025-06-22 16:41:57,893 [WARN] ThirdParty:833 - waiting for thirdparty lock release [change project]
2025-06-22 16:41:57,893 [INFO] ThirdParty:835 - entering critical section [change project]
2025-06-22 16:41:57,893 [INFO] ThirdParty:1030 - CMSIS Pack Vendor :STMicroelectronics X-CUBE-PM33A1 1.0.0
2025-06-22 16:41:57,893 [INFO] ThirdParty:1030 - CMSIS Pack Vendor :STMicroelectronics USBPD 4.1
2025-06-22 16:41:57,894 [INFO] ThirdParty:1030 - CMSIS Pack Vendor :STMicroelectronics X-CUBE-AZRTOS-H7 3.3.0
2025-06-22 16:41:57,894 [INFO] ThirdParty:1030 - CMSIS Pack Vendor :STMicroelectronics X-CUBE-NFC9 1.0.0
2025-06-22 16:41:57,894 [INFO] ThirdParty:1030 - CMSIS Pack Vendor :wolfSSL I-CUBE-wolfSSL 5.8.0
2025-06-22 16:41:57,894 [INFO] ThirdParty:1030 - CMSIS Pack Vendor :STMicroelectronics USB_HOST 2.0.0
2025-06-22 16:41:57,894 [INFO] ThirdParty:1030 - CMSIS Pack Vendor :STMicroelectronics FP-SNS-MOTENVWB1 1.4.0
2025-06-22 16:41:57,894 [INFO] ThirdParty:1030 - CMSIS Pack Vendor :STMicroelectronics X-CUBE-AZRTOS-F4 1.1.0
2025-06-22 16:41:57,894 [INFO] ThirdParty:1030 - CMSIS Pack Vendor :STMicroelectronics LIBJPEG 8.0.0
2025-06-22 16:41:57,895 [INFO] ThirdParty:1030 - CMSIS Pack Vendor :STMicroelectronics FP-ATR-ASTRA1 2.0.2
2025-06-22 16:41:57,895 [INFO] ThirdParty:1030 - CMSIS Pack Vendor :STMicroelectronics X-CUBE-BLE1 7.1.0
2025-06-22 16:41:57,895 [INFO] ThirdParty:1030 - CMSIS Pack Vendor :Avnet-IotConnect X-CUBE-IoTC-DA16k-PMOD 1.0.0
2025-06-22 16:41:57,895 [INFO] ThirdParty:1030 - CMSIS Pack Vendor :STMicroelectronics X-CUBE-SMBUS 2.1.0
2025-06-22 16:41:57,895 [INFO] ThirdParty:1030 - CMSIS Pack Vendor :wolfSSL I-CUBE-wolfMQTT 1.19.2
2025-06-22 16:41:57,895 [INFO] ThirdParty:1030 - CMSIS Pack Vendor :STMicroelectronics USB_DEVICE 3.0.0
2025-06-22 16:41:57,895 [INFO] ThirdParty:1030 - CMSIS Pack Vendor :STMicroelectronics X-CUBE-ISPU 2.1.0
2025-06-22 16:41:57,896 [INFO] ThirdParty:1030 - CMSIS Pack Vendor :STMicroelectronics X-CUBE-AZRTOS-WB 2.0.0
2025-06-22 16:41:57,896 [INFO] ThirdParty:1030 - CMSIS Pack Vendor :STMicroelectronics X-CUBE-ST60 1.0.0
2025-06-22 16:41:57,896 [INFO] ThirdParty:1030 - CMSIS Pack Vendor :STMicroelectronics X-CUBE-GNSS1 7.0.1
2025-06-22 16:41:57,896 [INFO] ThirdParty:1030 - CMSIS Pack Vendor :STMicroelectronics X-CUBE-AZRTOS-F7 1.1.0
2025-06-22 16:41:57,896 [INFO] ThirdParty:1030 - CMSIS Pack Vendor :STMicroelectronics X-CUBE-AZRTOS-L5 2.0.0
2025-06-22 16:41:57,896 [INFO] ThirdParty:1030 - CMSIS Pack Vendor :STMicroelectronics X-CUBE-TOUCHGFX 4.25.0
2025-06-22 16:41:57,896 [INFO] ThirdParty:1030 - CMSIS Pack Vendor :STMicroelectronics USB_DEVICE 2.0.0
2025-06-22 16:41:57,896 [INFO] ThirdParty:1030 - CMSIS Pack Vendor :STMicroelectronics X-CUBE-NFC6 3.1.0
2025-06-22 16:41:57,896 [INFO] ThirdParty:1030 - CMSIS Pack Vendor :STMicroelectronics X-CUBE-AI 10.1.0
2025-06-22 16:41:57,897 [INFO] ThirdParty:1030 - CMSIS Pack Vendor :STMicroelectronics FP-SNS-STBOX1 2.0.0
2025-06-22 16:41:57,897 [INFO] ThirdParty:1030 - CMSIS Pack Vendor :STMicroelectronics X-CUBE-MEMS1 11.2.0
2025-06-22 16:41:57,897 [INFO] ThirdParty:1030 - CMSIS Pack Vendor :STMicroelectronics FreeRTOS 0.0.1
2025-06-22 16:41:57,897 [INFO] ThirdParty:1030 - CMSIS Pack Vendor :STMicroelectronics X-CUBE-AZRTOS-G0 1.1.0
2025-06-22 16:41:57,897 [INFO] ThirdParty:1030 - CMSIS Pack Vendor :STMicroelectronics X-CUBE-SAFEA1 1.2.2
2025-06-22 16:41:57,897 [INFO] ThirdParty:1030 - CMSIS Pack Vendor :STMicroelectronics X-CUBE-NFC4 3.0.0
2025-06-22 16:41:57,897 [INFO] ThirdParty:1030 - CMSIS Pack Vendor :STMicroelectronics X-CUBE-SUBG2 5.0.0
2025-06-22 16:41:57,897 [INFO] ThirdParty:1030 - CMSIS Pack Vendor :STMicroelectronics X-CUBE-AZRTOS-H7RS 1.1.0
2025-06-22 16:41:57,898 [INFO] ThirdParty:1030 - CMSIS Pack Vendor :STMicroelectronics STM32_WPAN 1.0.0
2025-06-22 16:41:57,898 [INFO] ThirdParty:1030 - CMSIS Pack Vendor :EmbeddedOffice I-CUBE-FS-RTOS 1.0.1
2025-06-22 16:41:57,898 [INFO] ThirdParty:1030 - CMSIS Pack Vendor :STMicroelectronics lwIP 2.0.3
2025-06-22 16:41:57,898 [INFO] ThirdParty:1030 - CMSIS Pack Vendor :Cesanta I-CUBE-Mongoose 7.13.0
2025-06-22 16:41:57,898 [INFO] ThirdParty:1030 - CMSIS Pack Vendor :STMicroelectronics USB_HOST 1.0.0
2025-06-22 16:41:57,898 [INFO] ThirdParty:1030 - CMSIS Pack Vendor :Infineon AIROC-Wi-Fi-Bluetooth-STM32 1.7.0
2025-06-22 16:41:57,898 [INFO] ThirdParty:1030 - CMSIS Pack Vendor :STMicroelectronics X-CUBE-AZRTOS-G4 2.0.0
2025-06-22 16:41:57,898 [INFO] ThirdParty:1030 - CMSIS Pack Vendor :STMicroelectronics X-CUBE-WB05N 2.0.0
2025-06-22 16:41:57,898 [INFO] ThirdParty:1030 - CMSIS Pack Vendor :STMicroelectronics PDM2PCM 3.1.0
2025-06-22 16:41:57,899 [INFO] ThirdParty:1030 - CMSIS Pack Vendor :STMicroelectronics PDM2PCM 3.3.0
2025-06-22 16:41:57,899 [INFO] ThirdParty:1030 - CMSIS Pack Vendor :wolfSSL I-CUBE-wolfTPM 3.8.0
2025-06-22 16:41:57,899 [INFO] ThirdParty:1030 - CMSIS Pack Vendor :STMicroelectronics X-CUBE-DISPLAY 3.0.0
2025-06-22 16:41:57,899 [INFO] ThirdParty:1030 - CMSIS Pack Vendor :wolfSSL I-CUBE-wolfSSH 1.4.20
2025-06-22 16:41:57,899 [INFO] ThirdParty:1030 - CMSIS Pack Vendor :STMicroelectronics X-CUBE-NFC7 2.0.0
2025-06-22 16:41:57,899 [INFO] ThirdParty:1030 - CMSIS Pack Vendor :STMicroelectronics X-CUBE-TCPP 4.2.0
2025-06-22 16:41:57,899 [INFO] ThirdParty:1030 - CMSIS Pack Vendor :RealThread X-CUBE-RT-Thread_Nano 4.1.1
2025-06-22 16:41:57,899 [INFO] ThirdParty:1030 - CMSIS Pack Vendor :STMicroelectronics FP-ATR-SIGFOX1 3.2.0
2025-06-22 16:41:57,899 [INFO] ThirdParty:1030 - CMSIS Pack Vendor :STMicroelectronics X-CUBE-NFC10 1.0.0
2025-06-22 16:41:57,900 [INFO] ThirdParty:1030 - CMSIS Pack Vendor :STMicroelectronics X-CUBE-BLEMGR 4.0.0
2025-06-22 16:41:57,900 [INFO] ThirdParty:1030 - CMSIS Pack Vendor :STMicroelectronics X-CUBE-EEPRMA1 5.1.0
2025-06-22 16:41:57,900 [INFO] ThirdParty:1030 - CMSIS Pack Vendor :STMicroelectronics X-CUBE-FREERTOS 1.3.1
2025-06-22 16:41:57,900 [INFO] ThirdParty:1030 - CMSIS Pack Vendor :STMicroelectronics HAL Drivers 0.0.0
2025-06-22 16:41:57,900 [INFO] ThirdParty:1030 - CMSIS Pack Vendor :STMicroelectronics MBEDTLS 2.16.2
2025-06-22 16:41:57,900 [INFO] ThirdParty:1030 - CMSIS Pack Vendor :STMicroelectronics X-CUBE-IPS 3.1.0
2025-06-22 16:41:57,900 [INFO] ThirdParty:1030 - CMSIS Pack Vendor :STMicroelectronics X-CUBE-ALS 1.0.2
2025-06-22 16:41:57,900 [INFO] ThirdParty:1030 - CMSIS Pack Vendor :emotas I-CUBE-CANOPEN 1.3.0
2025-06-22 16:41:57,901 [INFO] ThirdParty:1030 - CMSIS Pack Vendor :STMicroelectronics MBEDTLS 2.14.1
2025-06-22 16:41:57,901 [INFO] ThirdParty:1030 - CMSIS Pack Vendor :ITTIA_DB I-CUBE-ITTIADB 8.9.0
2025-06-22 16:41:57,901 [INFO] ThirdParty:1030 - CMSIS Pack Vendor :portGmbH I-Cube-SoM-uGOAL 1.1.0
2025-06-22 16:41:57,901 [INFO] ThirdParty:1030 - CMSIS Pack Vendor :quantropi X-CUBE-qispace-sdk-base 2.0.0
2025-06-22 16:41:57,901 [INFO] ThirdParty:1030 - CMSIS Pack Vendor :STMicroelectronics X-CUBE-ST67W61 1.0.0
2025-06-22 16:41:57,901 [INFO] ThirdParty:1030 - CMSIS Pack Vendor :STMicroelectronics ThreadX 1.0.0
2025-06-22 16:41:57,901 [INFO] ThirdParty:1030 - CMSIS Pack Vendor :STMicroelectronics FP-SNS-SMARTAG2 1.2.0
2025-06-22 16:41:57,901 [INFO] ThirdParty:1030 - CMSIS Pack Vendor :STMicroelectronics FP-SNS-FLIGHT1 5.1.0
2025-06-22 16:41:57,901 [INFO] ThirdParty:1030 - CMSIS Pack Vendor :STMicroelectronics X-CUBE-AZRTOS-WL 2.0.0
2025-06-22 16:41:57,901 [INFO] ThirdParty:1030 - CMSIS Pack Vendor :SEGGER I-CUBE-embOS 1.3.1
2025-06-22 16:41:57,901 [INFO] ThirdParty:1030 - CMSIS Pack Vendor :STMicroelectronics X-CUBE-ALGOBUILD 1.4.0
2025-06-22 16:41:57,902 [INFO] ThirdParty:1030 - CMSIS Pack Vendor :STMicroelectronics X-CUBE-DPower 1.3.0
2025-06-22 16:41:57,902 [INFO] ThirdParty:1030 - CMSIS Pack Vendor :STMicroelectronics X-CUBE-MEMS1 11.3.0
2025-06-22 16:41:57,902 [INFO] ThirdParty:1030 - CMSIS Pack Vendor :STMicroelectronics FP-SNS-MOTENV1 5.0.0
2025-06-22 16:41:57,902 [INFO] ThirdParty:1030 - CMSIS Pack Vendor :STMicroelectronics USB_DEVICE 1.0.0
2025-06-22 16:41:57,902 [INFO] ThirdParty:1030 - CMSIS Pack Vendor :STMicroelectronics X-CUBE-AZRTOS-L4 2.0.0
2025-06-22 16:41:57,902 [INFO] ThirdParty:1030 - CMSIS Pack Vendor :STMicroelectronics ThreadX 0.0.2
2025-06-22 16:41:57,902 [INFO] ThirdParty:1030 - CMSIS Pack Vendor :WES I-CUBE-Cesium 1.3.0
2025-06-22 16:41:57,902 [INFO] ThirdParty:1030 - CMSIS Pack Vendor :STMicroelectronics lwIP 2.1.2
2025-06-22 16:41:57,902 [INFO] ThirdParty:1030 - CMSIS Pack Vendor :STMicroelectronics X-CUBE-SFXS2LP1 4.0.0
2025-06-22 16:41:57,902 [INFO] ThirdParty:1030 - CMSIS Pack Vendor :STMicroelectronics X-CUBE-BLE2 3.3.0
2025-06-22 16:41:57,902 [INFO] ThirdParty:1030 - CMSIS Pack Vendor :STMicroelectronics X-CUBE-TOF1 3.4.3
2025-06-22 16:41:57,902 [INFO] ThirdParty:1030 - CMSIS Pack Vendor :STMicroelectronics PDM2PCM 3.2.0
2025-06-22 16:41:57,903 [INFO] ThirdParty:841 - exiting critical section [change project]
2025-06-22 16:41:58,398 [INFO] PinOutPanel:1589 - setPackage(No Configuration,No Configuration)
2025-06-22 16:41:58,403 [INFO] PinOutPanel:1589 - setPackage(STM32F411CEUx,UFQFPN48)
2025-06-22 16:41:59,027 [INFO] UtilMem:75 - Before build in PCC Used Memory: 738604120 Bytes (1010827264)
2025-06-22 16:41:59,890 [INFO] UtilMem:75 - After build in PCC Used Memory: 782122072 Bytes (1010827264)
2025-06-22 16:41:59,929 [INFO] IPUIPlugin:80 - create IPUIPlugin
2025-06-22 16:41:59,929 [INFO] IPUIPlugin:80 - create IPUIPlugin
2025-06-22 16:41:59,929 [INFO] IPUIPlugin:80 - create IPUIPlugin
2025-06-22 16:41:59,929 [INFO] IPUIPlugin:80 - create IPUIPlugin
2025-06-22 16:41:59,929 [INFO] IPUIPlugin:80 - create IPUIPlugin
2025-06-22 16:41:59,930 [INFO] IPUIPlugin:80 - create IPUIPlugin
2025-06-22 16:41:59,930 [INFO] IPUIPlugin:80 - create IPUIPlugin
2025-06-22 16:41:59,930 [INFO] IPUIPlugin:80 - create IPUIPlugin
2025-06-22 16:41:59,930 [INFO] IPUIPlugin:80 - create IPUIPlugin
2025-06-22 16:41:59,930 [INFO] IPUIPlugin:80 - create IPUIPlugin
2025-06-22 16:41:59,930 [INFO] IPUIPlugin:80 - create IPUIPlugin
2025-06-22 16:41:59,931 [INFO] IPUIPlugin:80 - create IPUIPlugin
2025-06-22 16:41:59,931 [INFO] IPUIPlugin:80 - create IPUIPlugin
2025-06-22 16:41:59,931 [INFO] IPUIPlugin:80 - create IPUIPlugin
2025-06-22 16:41:59,931 [INFO] IPUIPlugin:80 - create IPUIPlugin
2025-06-22 16:41:59,931 [INFO] IPUIPlugin:80 - create IPUIPlugin
2025-06-22 16:41:59,932 [INFO] IPUIPlugin:80 - create IPUIPlugin
2025-06-22 16:41:59,932 [INFO] IPUIPlugin:80 - create IPUIPlugin
2025-06-22 16:41:59,932 [INFO] IPUIPlugin:80 - create IPUIPlugin
2025-06-22 16:41:59,932 [INFO] IPUIPlugin:80 - create IPUIPlugin
2025-06-22 16:41:59,933 [INFO] IPUIPlugin:80 - create IPUIPlugin
2025-06-22 16:41:59,933 [INFO] IPUIPlugin:80 - create IPUIPlugin
2025-06-22 16:41:59,933 [INFO] IPUIPlugin:80 - create IPUIPlugin
2025-06-22 16:41:59,933 [INFO] IPUIPlugin:80 - create IPUIPlugin
2025-06-22 16:41:59,933 [INFO] IPUIPlugin:80 - create IPUIPlugin
2025-06-22 16:41:59,934 [INFO] IPUIPlugin:80 - create IPUIPlugin
2025-06-22 16:41:59,934 [INFO] IPUIPlugin:80 - create IPUIPlugin
2025-06-22 16:41:59,934 [INFO] IPUIPlugin:80 - create IPUIPlugin
2025-06-22 16:41:59,934 [INFO] IPUIPlugin:80 - create IPUIPlugin
2025-06-22 16:41:59,935 [INFO] IPUIPlugin:80 - create IPUIPlugin
2025-06-22 16:41:59,935 [INFO] IPUIPlugin:80 - create IPUIPlugin
2025-06-22 16:41:59,935 [INFO] IPUIPlugin:80 - create IPUIPlugin
2025-06-22 16:41:59,935 [INFO] IPUIPlugin:80 - create IPUIPlugin
2025-06-22 16:41:59,936 [INFO] IPUIPlugin:80 - create IPUIPlugin
2025-06-22 16:41:59,936 [INFO] IPUIPlugin:80 - create IPUIPlugin
2025-06-22 16:41:59,936 [INFO] IPUIPlugin:80 - create IPUIPlugin
2025-06-22 16:41:59,937 [INFO] IPUIPlugin:80 - create IPUIPlugin
2025-06-22 16:41:59,937 [INFO] IPUIPlugin:80 - create IPUIPlugin
2025-06-22 16:41:59,937 [INFO] IPUIPlugin:80 - create IPUIPlugin
2025-06-22 16:41:59,938 [INFO] IPUIPlugin:80 - create IPUIPlugin
2025-06-22 16:41:59,938 [INFO] IPUIPlugin:80 - create IPUIPlugin
2025-06-22 16:41:59,938 [INFO] IPUIPlugin:80 - create IPUIPlugin
2025-06-22 16:41:59,939 [INFO] IPUIPlugin:80 - create IPUIPlugin
2025-06-22 16:41:59,971 [INFO] ApiDbMcu:508 - Load IP Config File for PDM2PCM
2025-06-22 16:42:00,013 [INFO] CADModel:165 - CPN selected for project levelSTM32F411CEU6
2025-06-22 16:42:00,013 [INFO] CADModel:114 - Register for checkConnection events
2025-06-22 16:42:00,060 [INFO] OpenFileManager:385 - Restore cursor
2025-06-22 16:42:00,810 [INFO] UtilMem:75 - End SaveConfig() Used Memory: 853947480 Bytes (1010827264)
2025-06-22 16:42:00,957 [INFO] UtilMem:75 - End SaveConfig() Used Memory: 868627544 Bytes (1010827264)
2025-06-22 16:42:01,173 [INFO] BlockDiagram:2775 - set Specific Code input for plugin: NVIC
2025-06-22 16:42:01,174 [INFO] BlockDiagram:2775 - set Specific Code input for plugin: RCC
2025-06-22 16:42:01,176 [INFO] CodeGenerator:882 - code generatio: config db path: C:\ST\STM32CubeIDE_1.18.1\STM32CubeIDE\plugins\com.st.stm32cube.common.mx_6.14.1.202504091515\\db\
2025-06-22 16:42:01,279 [INFO] CodeEngine:263 - oldGeneratedFile, C:\Users\prana\STM32CubeIDE\workspace_1.18.1\blackpill-f411ce-OLED_control\MXTmpFiles\license.tmp_save
2025-06-22 16:42:01,415 [INFO] CodeEngine:287 - Generated code: C:\Users\prana\STM32CubeIDE\workspace_1.18.1\blackpill-f411ce-OLED_control\MXTmpFiles\license.tmp
2025-06-22 16:42:01,428 [INFO] CodeEngine:263 - oldGeneratedFile, C:\Users\prana\STM32CubeIDE\workspace_1.18.1\blackpill-f411ce-OLED_control\Core\Src\stm32f4xx_it.c_save
2025-06-22 16:42:01,600 [INFO] CodeEngine:287 - Generated code: C:\Users\prana\STM32CubeIDE\workspace_1.18.1\blackpill-f411ce-OLED_control\Core\Src\stm32f4xx_it.c
2025-06-22 16:42:01,605 [INFO] CodeEngine:263 - oldGeneratedFile, C:\Users\prana\STM32CubeIDE\workspace_1.18.1\blackpill-f411ce-OLED_control\Core\Inc\stm32f4xx_it.h_save
2025-06-22 16:42:01,676 [INFO] CodeEngine:287 - Generated code: C:\Users\prana\STM32CubeIDE\workspace_1.18.1\blackpill-f411ce-OLED_control\Core\Inc\stm32f4xx_it.h
2025-06-22 16:42:01,712 [INFO] CodeEngine:263 - oldGeneratedFile, C:\Users\prana\STM32CubeIDE\workspace_1.18.1\blackpill-f411ce-OLED_control\Core\Src\stm32f4xx_hal_msp.c_save
2025-06-22 16:42:01,836 [INFO] CodeEngine:287 - Generated code: C:\Users\prana\STM32CubeIDE\workspace_1.18.1\blackpill-f411ce-OLED_control\Core\Src\stm32f4xx_hal_msp.c
2025-06-22 16:42:01,844 [INFO] CodeEngine:263 - oldGeneratedFile, C:\Users\prana\STM32CubeIDE\workspace_1.18.1\blackpill-f411ce-OLED_control\MXTmpFiles\system.tmp_save
2025-06-22 16:42:01,920 [INFO] CodeEngine:287 - Generated code: C:\Users\prana\STM32CubeIDE\workspace_1.18.1\blackpill-f411ce-OLED_control\MXTmpFiles\system.tmp
2025-06-22 16:42:01,933 [INFO] CodeEngine:319 - oldGeneratedFile, C:\Users\prana\STM32CubeIDE\workspace_1.18.1\blackpill-f411ce-OLED_control\Core\Inc\stm32f4xx_hal_conf.h_save
2025-06-22 16:42:02,117 [INFO] CodeEngine:343 - Generated code: C:\Users\prana\STM32CubeIDE\workspace_1.18.1\blackpill-f411ce-OLED_control\Core\Inc\stm32f4xx_hal_conf.h
2025-06-22 16:42:02,169 [INFO] ApiDbMcu:508 - Load IP Config File for RCC
2025-06-22 16:42:02,186 [INFO] CodeEngine:263 - oldGeneratedFile, C:\Users\prana\STM32CubeIDE\workspace_1.18.1\blackpill-f411ce-OLED_control\Core\Inc\main.h_save
2025-06-22 16:42:02,313 [INFO] CodeEngine:287 - Generated code: C:\Users\prana\STM32CubeIDE\workspace_1.18.1\blackpill-f411ce-OLED_control\Core\Inc\main.h
2025-06-22 16:42:02,321 [INFO] CodeEngine:263 - oldGeneratedFile, C:\Users\prana\STM32CubeIDE\workspace_1.18.1\blackpill-f411ce-OLED_control\Core\Src\main.c_save
2025-06-22 16:42:02,525 [INFO] CodeEngine:287 - Generated code: C:\Users\prana\STM32CubeIDE\workspace_1.18.1\blackpill-f411ce-OLED_control\Core\Src\main.c
2025-06-22 16:42:02,995 [INFO] ProjectBuilder:3324 - Time for Copy HAL[1] : 291mS.
2025-06-22 16:42:03,003 [INFO] ProjectBuilder:4912 - Project Generator version: 4.6.0.1-B1
2025-06-22 16:42:03,111 [INFO] ConfigFileManager:1590 - The Die is : DIE431
2025-06-22 16:42:03,127 [INFO] ApiDbMcu:508 - Load IP Config File for FATFS
2025-06-22 16:42:03,150 [INFO] ApiDbMcu:508 - Load IP Config File for FREERTOS
2025-06-22 16:42:03,182 [INFO] ApiDbMcu:508 - Load IP Config File for LIBJPEG
2025-06-22 16:42:03,209 [INFO] ApiDbMcu:508 - Load IP Config File for MBEDTLS
2025-06-22 16:42:03,232 [INFO] ApiDbMcu:508 - Load IP Config File for USB_DEVICE
2025-06-22 16:42:03,248 [INFO] ApiDbMcu:508 - Load IP Config File for USB_HOST
2025-06-22 16:42:07,745 [INFO] ProjectBuilder:5191 - Time for Generating toolchain IDE Files: 4742mS.
2025-06-22 16:42:07,746 [INFO] ProjectBuilder:3181 - Time for Copy CMSIS : 1mS.
2025-06-22 16:42:07,762 [INFO] ProjectBuilder:3181 - Time for Copy CMSIS : 0mS.
2025-06-22 16:42:09,014 [INFO] McuFinderGlobals:76 - Set McuFinderConnectedMode to true
2025-06-22 16:42:09,017 [INFO] ApiDb:448 - Save user favorites file C:\Users\prana/.stm32cubeide/favorites.mcus.txt: 0 item(s)
2025-06-22 16:42:09,018 [INFO] ApiDb:452 - User favorites MCUs=[]
2025-06-22 16:44:41,348 [WARN] IP:2250 - I2C_Coeff_DF not found: check if there is a RefParameter without a condition.
2025-06-22 16:44:41,348 [WARN] IP:2250 - Analog_Filter not found: check if there is a RefParameter without a condition.
2025-06-22 16:44:41,360 [WARN] IP:2250 - I2C_Coeff_DF not found: check if there is a RefParameter without a condition.
2025-06-22 16:44:41,360 [WARN] IP:2250 - Analog_Filter not found: check if there is a RefParameter without a condition.
2025-06-22 16:44:41,360 [WARN] IP:2250 - I2C_Coeff_DF not found: check if there is a RefParameter without a condition.
2025-06-22 16:44:41,360 [WARN] IP:2250 - Analog_Filter not found: check if there is a RefParameter without a condition.
2025-06-22 16:44:41,397 [WARN] IP:2250 - I2C_Coeff_DF not found: check if there is a RefParameter without a condition.
2025-06-22 16:44:41,397 [WARN] IP:2250 - Analog_Filter not found: check if there is a RefParameter without a condition.
2025-06-22 16:44:41,399 [WARN] IP:2250 - I2C_Coeff_DF not found: check if there is a RefParameter without a condition.
2025-06-22 16:44:41,399 [WARN] IP:2250 - Analog_Filter not found: check if there is a RefParameter without a condition.
2025-06-22 16:44:50,657 [WARN] IP:2250 - I2C_Coeff_DF not found: check if there is a RefParameter without a condition.
2025-06-22 16:44:50,657 [WARN] IP:2250 - Analog_Filter not found: check if there is a RefParameter without a condition.
2025-06-22 16:44:50,657 [WARN] IP:2250 - I2C_Coeff_DF not found: check if there is a RefParameter without a condition.
2025-06-22 16:44:50,657 [WARN] IP:2250 - Analog_Filter not found: check if there is a RefParameter without a condition.
2025-06-22 16:44:50,667 [WARN] IP:2250 - I2C_Coeff_DF not found: check if there is a RefParameter without a condition.
2025-06-22 16:44:50,667 [WARN] IP:2250 - Analog_Filter not found: check if there is a RefParameter without a condition.
2025-06-22 16:44:50,677 [WARN] IP:2250 - I2C_Coeff_DF not found: check if there is a RefParameter without a condition.
2025-06-22 16:44:50,677 [WARN] IP:2250 - Analog_Filter not found: check if there is a RefParameter without a condition.
2025-06-22 16:45:03,973 [WARN] IP:2250 - I2C_Coeff_DF not found: check if there is a RefParameter without a condition.
2025-06-22 16:45:03,973 [WARN] IP:2250 - Analog_Filter not found: check if there is a RefParameter without a condition.
2025-06-22 16:45:03,974 [WARN] IP:2250 - I2C_Coeff_DF not found: check if there is a RefParameter without a condition.
2025-06-22 16:45:03,974 [WARN] IP:2250 - Analog_Filter not found: check if there is a RefParameter without a condition.
2025-06-22 16:45:04,000 [INFO] NvicIntPanel:101 - NVIC parent = com.st.microxplorer.plugins.ip.nvic.MultiNvicIntPanel[,0,0,0x0,invalid,layout=javax.swing.BoxLayout,alignmentX=0.0,alignmentY=0.0,border=,flags=9,maximumSize=,minimumSize=,preferredSize=]
2025-06-22 16:45:04,024 [WARN] IP:2250 - I2C_Coeff_DF not found: check if there is a RefParameter without a condition.
2025-06-22 16:45:04,024 [WARN] IP:2250 - Analog_Filter not found: check if there is a RefParameter without a condition.
2025-06-22 16:45:04,028 [WARN] IP:2250 - I2C_Coeff_DF not found: check if there is a RefParameter without a condition.
2025-06-22 16:45:04,028 [WARN] IP:2250 - Analog_Filter not found: check if there is a RefParameter without a condition.
2025-06-22 16:45:54,874 [INFO] UtilMem:75 - End SaveConfig() Used Memory: 344803104 Bytes (947912704)
2025-06-22 16:45:56,212 [INFO] UtilMem:75 - End SaveConfig() Used Memory: 368212688 Bytes (947912704)
2025-06-22 16:45:58,535 [INFO] UtilMem:75 - End SaveConfig() Used Memory: 439017200 Bytes (947912704)
2025-06-22 16:45:58,956 [INFO] BlockDiagram:2775 - set Specific Code input for plugin: NVIC
2025-06-22 16:45:58,956 [INFO] BlockDiagram:2775 - set Specific Code input for plugin: SYS
2025-06-22 16:45:58,956 [INFO] BlockDiagram:2775 - set Specific Code input for plugin: GPIO
2025-06-22 16:45:58,956 [INFO] BlockDiagram:2775 - set Specific Code input for plugin: RCC
2025-06-22 16:45:58,956 [INFO] BlockDiagram:2775 - set Specific Code input for plugin: I2C
2025-06-22 16:45:58,957 [INFO] CodeGenerator:882 - code generatio: config db path: C:\ST\STM32CubeIDE_1.18.1\STM32CubeIDE\plugins\com.st.stm32cube.common.mx_6.14.1.202504091515\\db\
2025-06-22 16:45:58,958 [WARN] IP:2250 - I2C_Coeff_DF not found: check if there is a RefParameter without a condition.
2025-06-22 16:45:58,959 [WARN] IP:2250 - Analog_Filter not found: check if there is a RefParameter without a condition.
2025-06-22 16:45:59,009 [INFO] CodeEngine:263 - oldGeneratedFile, C:\Users\prana\STM32CubeIDE\workspace_1.18.1\blackpill-f411ce-OLED_control\MXTmpFiles\license.tmp_save
2025-06-22 16:45:59,168 [INFO] CodeEngine:287 - Generated code: C:\Users\prana\STM32CubeIDE\workspace_1.18.1\blackpill-f411ce-OLED_control\MXTmpFiles\license.tmp
2025-06-22 16:45:59,231 [INFO] CodeEngine:263 - oldGeneratedFile, C:\Users\prana\STM32CubeIDE\workspace_1.18.1\blackpill-f411ce-OLED_control\MXTmpFiles\gpio.tmp_save
2025-06-22 16:45:59,347 [INFO] CodeEngine:287 - Generated code: C:\Users\prana\STM32CubeIDE\workspace_1.18.1\blackpill-f411ce-OLED_control\MXTmpFiles\gpio.tmp
2025-06-22 16:45:59,461 [INFO] CodeEngine:263 - oldGeneratedFile, C:\Users\prana\STM32CubeIDE\workspace_1.18.1\blackpill-f411ce-OLED_control\Core\Src\stm32f4xx_it.c_save
2025-06-22 16:45:59,565 [INFO] CodeEngine:287 - Generated code: C:\Users\prana\STM32CubeIDE\workspace_1.18.1\blackpill-f411ce-OLED_control\Core\Src\stm32f4xx_it.c
2025-06-22 16:45:59,571 [INFO] CodeEngine:263 - oldGeneratedFile, C:\Users\prana\STM32CubeIDE\workspace_1.18.1\blackpill-f411ce-OLED_control\Core\Inc\stm32f4xx_it.h_save
2025-06-22 16:45:59,647 [INFO] CodeEngine:287 - Generated code: C:\Users\prana\STM32CubeIDE\workspace_1.18.1\blackpill-f411ce-OLED_control\Core\Inc\stm32f4xx_it.h
2025-06-22 16:45:59,678 [INFO] CodeEngine:263 - oldGeneratedFile, C:\Users\prana\STM32CubeIDE\workspace_1.18.1\blackpill-f411ce-OLED_control\Core\Src\stm32f4xx_hal_msp.c_save
2025-06-22 16:45:59,833 [INFO] CodeEngine:287 - Generated code: C:\Users\prana\STM32CubeIDE\workspace_1.18.1\blackpill-f411ce-OLED_control\Core\Src\stm32f4xx_hal_msp.c
2025-06-22 16:45:59,839 [INFO] CodeEngine:263 - oldGeneratedFile, C:\Users\prana\STM32CubeIDE\workspace_1.18.1\blackpill-f411ce-OLED_control\MXTmpFiles\system.tmp_save
2025-06-22 16:45:59,896 [INFO] CodeEngine:287 - Generated code: C:\Users\prana\STM32CubeIDE\workspace_1.18.1\blackpill-f411ce-OLED_control\MXTmpFiles\system.tmp
2025-06-22 16:45:59,923 [INFO] CodeEngine:319 - oldGeneratedFile, C:\Users\prana\STM32CubeIDE\workspace_1.18.1\blackpill-f411ce-OLED_control\Core\Inc\stm32f4xx_hal_conf.h_save
2025-06-22 16:46:00,031 [INFO] CodeEngine:343 - Generated code: C:\Users\prana\STM32CubeIDE\workspace_1.18.1\blackpill-f411ce-OLED_control\Core\Inc\stm32f4xx_hal_conf.h
2025-06-22 16:46:00,082 [INFO] ApiDbMcu:508 - Load IP Config File for I2C1
2025-06-22 16:46:00,106 [INFO] CodeEngine:263 - oldGeneratedFile, C:\Users\prana\STM32CubeIDE\workspace_1.18.1\blackpill-f411ce-OLED_control\Core\Inc\main.h_save
2025-06-22 16:46:00,173 [INFO] CodeEngine:287 - Generated code: C:\Users\prana\STM32CubeIDE\workspace_1.18.1\blackpill-f411ce-OLED_control\Core\Inc\main.h
2025-06-22 16:46:00,192 [INFO] CodeEngine:263 - oldGeneratedFile, C:\Users\prana\STM32CubeIDE\workspace_1.18.1\blackpill-f411ce-OLED_control\Core\Src\main.c_save
2025-06-22 16:46:00,317 [INFO] CodeEngine:287 - Generated code: C:\Users\prana\STM32CubeIDE\workspace_1.18.1\blackpill-f411ce-OLED_control\Core\Src\main.c
2025-06-22 16:46:00,646 [INFO] ProjectBuilder:3324 - Time for Copy HAL[1] : 221mS.
2025-06-22 16:46:00,649 [INFO] ProjectBuilder:4912 - Project Generator version: 4.6.0.1-B1
2025-06-22 16:46:00,732 [INFO] ConfigFileManager:1590 - The Die is : DIE431
2025-06-22 16:46:02,389 [INFO] ProjectBuilder:5191 - Time for Generating toolchain IDE Files: 1741mS.
2025-06-22 16:46:02,391 [INFO] ProjectBuilder:3181 - Time for Copy CMSIS : 1mS.
2025-06-22 16:46:02,398 [INFO] ProjectBuilder:3181 - Time for Copy CMSIS : 0mS.
2025-06-22 16:47:35,408 [INFO] WebApp:194 - Connection lost
2025-06-22 16:47:35,678 [INFO] WebApp:191 - Connection restablished
2025-06-22 17:10:12,829 [INFO] WebApp:194 - Connection lost
2025-06-22 17:10:13,245 [INFO] WebApp:191 - Connection restablished
2025-06-22 17:17:10,594 [INFO] WebApp:194 - Connection lost
2025-06-22 17:17:10,885 [INFO] WebApp:191 - Connection restablished
2025-06-22 17:20:15,620 [INFO] WebApp:194 - Connection lost
2025-06-22 17:20:15,852 [INFO] WebApp:191 - Connection restablished
2025-06-22 17:21:04,617 [INFO] WebApp:194 - Connection lost
2025-06-22 17:21:04,836 [INFO] WebApp:191 - Connection restablished
2025-06-22 17:25:43,630 [INFO] WebApp:194 - Connection lost
2025-06-22 17:25:43,880 [INFO] WebApp:191 - Connection restablished
