2025-06-13 11:37:24,492 [INFO] Activator:176 - 


2025-06-13 11:37:24,500 [INFO] Activator:177 - !SESSION log4j initialized
2025-06-13 11:37:34,324 [INFO] LogOutputStream:77 - [STDOUT_REDIRECT] 
2025-06-13 11:37:48,707 [INFO] ApplicationProperties:184 - Using Application install path: C:\ST\STM32CubeIDE_1.18.1\STM32CubeIDE\plugins\com.st.stm32cube.common.mx_6.14.1.202504091515
2025-06-13 11:37:48,723 [INFO] DbMcusXml:78 - Set database path to: C:\ST\STM32CubeIDE_1.18.1\STM32CubeIDE\plugins\com.st.stm32cube.common.mx_6.14.1.202504091515\\db\/mcu/
2025-06-13 11:37:48,723 [INFO] ApiDb:274 - Set plugin database path to: C:\ST\STM32CubeIDE_1.18.1\STM32CubeIDE\plugins\com.st.stm32cube.common.mx_6.14.1.202504091515\\db\/plugins/boardmanager/
2025-06-13 11:37:48,724 [WARN] ApiDb:259 - Overriding images path with different value:  => C:\ST\STM32CubeIDE_1.18.1\STM32CubeIDE\plugins\com.st.stm32cube.common.mx_6.14.1.202504091515\\db\/plugins/mcufinder/images/
2025-06-13 11:37:48,731 [INFO] ApiDb:250 - Set database path to: C:\Users\prana\.stmcufinder\plugins\mcufinder//mcu/
2025-06-13 11:37:48,732 [INFO] DbMcusAds:125 - Set database path to: C:\Users\prana\.stmcufinder\plugins\mcufinder//mcu/
2025-06-13 11:37:48,733 [INFO] CrossReferenceDbSqlite:203 - Set database path to: C:\Users\prana\.stmcufinder\plugins\mcufinder//mcu/cs/
2025-06-13 11:37:48,849 [INFO] RulesReader:64 - Compatibility file has been processed (302 Rules)
2025-06-13 11:37:48,925 [INFO] DbMcusXml:78 - Set database path to: C:\ST\STM32CubeIDE_1.18.1\STM32CubeIDE\plugins\com.st.stm32cube.common.mx_6.14.1.202504091515\\db\/mcu/
2025-06-13 11:37:48,925 [INFO] ApiDb:274 - Set plugin database path to: C:\ST\STM32CubeIDE_1.18.1\STM32CubeIDE\plugins\com.st.stm32cube.common.mx_6.14.1.202504091515\\db\/plugins/boardmanager/
2025-06-13 11:37:48,925 [INFO] ApiDb:261 - Set plugin images path to: C:\ST\STM32CubeIDE_1.18.1\STM32CubeIDE\plugins\com.st.stm32cube.common.mx_6.14.1.202504091515\\db\/plugins/mcufinder/images/
2025-06-13 11:37:48,925 [WARN] DbFile:41 - Overriding database path with different value: C:\Users\prana\.stmcufinder\plugins\mcufinder/ => C:\Users\prana\.stmcufinder\plugins\mcufinder
2025-06-13 11:37:48,925 [INFO] ApiDb:250 - Set database path to: C:\Users\prana\.stmcufinder\plugins\mcufinder//mcu/
2025-06-13 11:37:48,925 [WARN] DbFile:41 - Overriding database path with different value: C:\Users\prana\.stmcufinder\plugins\mcufinder/ => C:\Users\prana\.stmcufinder\plugins\mcufinder
2025-06-13 11:37:48,925 [INFO] DbMcusAds:125 - Set database path to: C:\Users\prana\.stmcufinder\plugins\mcufinder//mcu/
2025-06-13 11:37:48,925 [WARN] DbFile:41 - Overriding database path with different value: C:\Users\prana\.stmcufinder\plugins\mcufinder/ => C:\Users\prana\.stmcufinder\plugins\mcufinder
2025-06-13 11:37:48,925 [WARN] DbFile:41 - Overriding database path with different value: C:\Users\prana\.stmcufinder\plugins\mcufinder/ => C:\Users\prana\.stmcufinder\plugins\mcufinder
2025-06-13 11:37:48,925 [INFO] CrossReferenceDbSqlite:203 - Set database path to: C:\Users\prana\.stmcufinder\plugins\mcufinder//mcu/cs/
2025-06-13 11:37:49,007 [INFO] MainPanel:272 - HeapMemory: 268435456
2025-06-13 11:37:49,113 [INFO] DbMcusXml:78 - Set database path to: C:\ST\STM32CubeIDE_1.18.1\STM32CubeIDE\plugins\com.st.stm32cube.common.mx_6.14.1.202504091515\\db\/mcu/
2025-06-13 11:37:49,113 [INFO] ApiDb:274 - Set plugin database path to: C:\ST\STM32CubeIDE_1.18.1\STM32CubeIDE\plugins\com.st.stm32cube.common.mx_6.14.1.202504091515\\db\/plugins/boardmanager/
2025-06-13 11:37:49,113 [INFO] ApiDb:261 - Set plugin images path to: C:\ST\STM32CubeIDE_1.18.1\STM32CubeIDE\plugins\com.st.stm32cube.common.mx_6.14.1.202504091515\\db\/plugins/mcufinder/images/
2025-06-13 11:37:49,114 [WARN] DbFile:41 - Overriding database path with different value: C:\Users\prana\.stmcufinder\plugins\mcufinder/ => C:\Users\prana\.stmcufinder\plugins\mcufinder
2025-06-13 11:37:49,114 [INFO] ApiDb:250 - Set database path to: C:\Users\prana\.stmcufinder\plugins\mcufinder//mcu/
2025-06-13 11:37:49,114 [WARN] DbFile:41 - Overriding database path with different value: C:\Users\prana\.stmcufinder\plugins\mcufinder/ => C:\Users\prana\.stmcufinder\plugins\mcufinder
2025-06-13 11:37:49,114 [INFO] DbMcusAds:125 - Set database path to: C:\Users\prana\.stmcufinder\plugins\mcufinder//mcu/
2025-06-13 11:37:49,114 [WARN] DbFile:41 - Overriding database path with different value: C:\Users\prana\.stmcufinder\plugins\mcufinder/ => C:\Users\prana\.stmcufinder\plugins\mcufinder
2025-06-13 11:37:49,114 [WARN] DbFile:41 - Overriding database path with different value: C:\Users\prana\.stmcufinder\plugins\mcufinder/ => C:\Users\prana\.stmcufinder\plugins\mcufinder
2025-06-13 11:37:49,114 [INFO] CrossReferenceDbSqlite:203 - Set database path to: C:\Users\prana\.stmcufinder\plugins\mcufinder//mcu/cs/
2025-06-13 11:37:49,133 [INFO] ApplicationProperties:184 - Using Application install path: C:\ST\STM32CubeIDE_1.18.1\STM32CubeIDE\plugins\com.st.stm32cube.common.mx_6.14.1.202504091515
2025-06-13 11:37:49,135 [INFO] PluginManage:196 - Search for loadable plugins [exclusion list=, ]
2025-06-13 11:37:49,135 [INFO] PluginManage:310 - Check plugin analytics
2025-06-13 11:37:49,297 [INFO] AnalyticsPlugin:253 - Accepted Software Licenses: 
2025-06-13 11:37:49,297 [INFO] AnalyticsPlugin:255 - Accepted CMSIS Pack Licenses: 
2025-06-13 11:37:49,298 [INFO] AnalyticsPlugin:257 - Accepted Firmware Licenses: FW.F4.1.28.0
2025-06-13 11:37:49,299 [INFO] PluginManage:359 - Loaded plugin analytics (category:tool,tabindex:-1)
2025-06-13 11:37:49,300 [INFO] PluginManage:310 - Check plugin cadmodel
2025-06-13 11:37:49,318 [INFO] CADModel:105 - Init CAD model plugin
2025-06-13 11:37:49,318 [INFO] PluginManage:359 - Loaded plugin cadmodel (category:power,tabindex:5)
2025-06-13 11:37:49,318 [INFO] PluginManage:310 - Check plugin clock
2025-06-13 11:37:49,339 [INFO] PluginManage:359 - Loaded plugin clock (category:base,tabindex:2)
2025-06-13 11:37:49,339 [INFO] PluginManage:310 - Check plugin ddr
2025-06-13 11:37:49,342 [INFO] PluginManage:359 - Loaded plugin ddr (category:tool,tabindex:6)
2025-06-13 11:37:49,342 [INFO] PluginManage:310 - Check plugin filemanager
2025-06-13 11:37:49,484 [INFO] PluginManage:359 - Loaded plugin filemanager (category:base,tabindex:10)
2025-06-13 11:37:49,485 [INFO] PluginManage:310 - Check plugin ipmanager
2025-06-13 11:37:49,492 [INFO] PluginManage:359 - Loaded plugin ipmanager (category:base,tabindex:5)
2025-06-13 11:37:49,492 [INFO] PluginManage:310 - Check plugin lpbam
2025-06-13 11:37:49,515 [INFO] PluginManage:359 - Loaded plugin lpbam (category:base,tabindex:0)
2025-06-13 11:37:49,515 [INFO] PluginManage:310 - Check plugin memorymap
2025-06-13 11:37:49,541 [INFO] PluginManage:359 - Loaded plugin memorymap (category:base,tabindex:4)
2025-06-13 11:37:49,541 [INFO] PluginManage:310 - Check plugin pinoutandconfiguration
2025-06-13 11:37:49,560 [INFO] PluginManage:359 - Loaded plugin pinoutandconfiguration (category:base,tabindex:1)
2025-06-13 11:37:49,561 [INFO] PluginManage:310 - Check plugin pinoutconfig
2025-06-13 11:37:49,662 [WARN] SupportedApi:132 - Cannot load RTOS API schema: s4s-elt-must-match.1: The content of 'definitions' must match (annotation?, (simpleType | complexType)?, (unique | key | keyref)*)). A problem was found starting at: attribute.
2025-06-13 11:37:49,817 [INFO] PluginManage:359 - Loaded plugin pinoutconfig (category:base,tabindex:0)
2025-06-13 11:37:49,817 [INFO] PluginManage:310 - Check plugin power
2025-06-13 11:37:49,849 [INFO] PluginManage:359 - Loaded plugin power (category:power,tabindex:4)
2025-06-13 11:37:49,849 [INFO] PluginManage:310 - Check plugin projectmanager
2025-06-13 11:37:49,866 [INFO] PluginManage:359 - Loaded plugin projectmanager (category:projectmanager,tabindex:4)
2025-06-13 11:37:49,866 [INFO] PluginManage:310 - Check plugin rif
2025-06-13 11:37:49,892 [INFO] PluginManage:359 - Loaded plugin rif (category:base,tabindex:3)
2025-06-13 11:37:49,892 [INFO] PluginManage:310 - Check plugin thirdparty
2025-06-13 11:37:50,228 [INFO] PluginManage:359 - Loaded plugin thirdparty (category:base,tabindex:-1)
2025-06-13 11:37:50,228 [INFO] PluginManage:310 - Check plugin tools
2025-06-13 11:37:50,228 [WARN] IntegrityCheckThread:84 - waiting for thirdparty lock release [integrity check]
2025-06-13 11:37:50,228 [INFO] IntegrityCheckThread:86 - entering critical section [integrity check]
2025-06-13 11:37:50,229 [INFO] ThirdPartyUpdaterWithRetryManager:70 - Updater plugin not ready yet. [1/15]
2025-06-13 11:37:50,274 [INFO] PluginManage:359 - Loaded plugin tools (category:base,tabindex:7)
2025-06-13 11:37:50,274 [INFO] PluginManage:310 - Check plugin tutovideos
2025-06-13 11:37:50,465 [INFO] PluginManage:359 - Loaded plugin tutovideos (category:base,tabindex:-1)
2025-06-13 11:37:50,466 [INFO] PluginManage:310 - Check plugin updater
2025-06-13 11:37:50,490 [INFO] PluginManage:359 - Loaded plugin updater (category:base,tabindex:12)
2025-06-13 11:37:50,490 [INFO] PluginManage:310 - Check plugin userauth
2025-06-13 11:37:50,495 [INFO] UserAuth:118 - Init User Auth plugin
2025-06-13 11:37:50,496 [INFO] PluginManage:359 - Loaded plugin userauth (category:base,tabindex:14)
2025-06-13 11:37:50,496 [INFO] PluginManage:283 - PluginManage : Loaded plugins [18]
2025-06-13 11:37:50,699 [INFO] PinOutPanel:1589 - setPackage(No Configuration,No Configuration)
2025-06-13 11:37:50,783 [INFO] CADModel:165 - CPN selected for project level
2025-06-13 11:37:50,783 [INFO] CADModel:114 - Register for checkConnection events
2025-06-13 11:37:50,820 [INFO] IPUIPlugin:80 - create IPUIPlugin
2025-06-13 11:37:50,820 [INFO] PluginManager:220 - loadIPPluginJar : add adc
2025-06-13 11:37:50,863 [INFO] IPUIPlugin:80 - create IPUIPlugin
2025-06-13 11:37:50,864 [INFO] PluginManager:220 - loadIPPluginJar : add aes
2025-06-13 11:37:50,912 [INFO] IPUIPlugin:80 - create IPUIPlugin
2025-06-13 11:37:50,912 [INFO] PluginManager:220 - loadIPPluginJar : add can
2025-06-13 11:37:50,946 [INFO] IPUIPlugin:80 - create IPUIPlugin
2025-06-13 11:37:50,947 [INFO] PluginManager:220 - loadIPPluginJar : add comp
2025-06-13 11:37:50,989 [INFO] IPUIPlugin:80 - create IPUIPlugin
2025-06-13 11:37:50,989 [INFO] PluginManager:220 - loadIPPluginJar : add cryp
2025-06-13 11:37:51,004 [INFO] IPUIPlugin:80 - create IPUIPlugin
2025-06-13 11:37:51,004 [INFO] PluginManager:220 - loadIPPluginJar : add ddr_ctrl_phy
2025-06-13 11:37:51,039 [INFO] IPUIPlugin:80 - create IPUIPlugin
2025-06-13 11:37:51,039 [INFO] PluginManager:220 - loadIPPluginJar : add dfsdm
2025-06-13 11:37:51,056 [INFO] IPUIPlugin:80 - create IPUIPlugin
2025-06-13 11:37:51,057 [INFO] PluginManager:220 - loadIPPluginJar : add dma
2025-06-13 11:37:51,101 [INFO] IPUIPlugin:80 - create IPUIPlugin
2025-06-13 11:37:51,101 [INFO] PluginManager:220 - loadIPPluginJar : add dma3
2025-06-13 11:37:51,150 [INFO] IPUIPlugin:80 - create IPUIPlugin
2025-06-13 11:37:51,150 [INFO] PluginManager:220 - loadIPPluginJar : add extmemmanager
2025-06-13 11:37:51,176 [INFO] IPUIPlugin:80 - create IPUIPlugin
2025-06-13 11:37:51,176 [INFO] PluginManager:220 - loadIPPluginJar : add fatfs
2025-06-13 11:37:51,232 [INFO] IPUIPlugin:80 - create IPUIPlugin
2025-06-13 11:37:51,232 [INFO] PluginManager:220 - loadIPPluginJar : add fmc
2025-06-13 11:37:51,251 [INFO] IPUIPlugin:80 - create IPUIPlugin
2025-06-13 11:37:51,251 [INFO] PluginManager:220 - loadIPPluginJar : add freertos
2025-06-13 11:37:51,277 [INFO] IPUIPlugin:80 - create IPUIPlugin
2025-06-13 11:37:51,277 [INFO] PluginManager:220 - loadIPPluginJar : add genericplugin
2025-06-13 11:37:51,374 [INFO] IPUIPlugin:80 - create IPUIPlugin
2025-06-13 11:37:51,374 [INFO] PluginManager:220 - loadIPPluginJar : add gfxmmu
2025-06-13 11:37:51,514 [INFO] IPUIPlugin:80 - create IPUIPlugin
2025-06-13 11:37:51,514 [INFO] PluginManager:220 - loadIPPluginJar : add gic
2025-06-13 11:37:51,529 [INFO] IPUIPlugin:80 - create IPUIPlugin
2025-06-13 11:37:51,529 [INFO] PluginManager:220 - loadIPPluginJar : add gpio
2025-06-13 11:37:51,621 [INFO] IPUIPlugin:80 - create IPUIPlugin
2025-06-13 11:37:51,621 [INFO] PluginManager:220 - loadIPPluginJar : add gtzc
2025-06-13 11:37:51,657 [INFO] IPUIPlugin:80 - create IPUIPlugin
2025-06-13 11:37:51,658 [INFO] PluginManager:220 - loadIPPluginJar : add hash
2025-06-13 11:37:51,715 [INFO] IPUIPlugin:80 - create IPUIPlugin
2025-06-13 11:37:51,715 [INFO] PluginManager:220 - loadIPPluginJar : add i2c
2025-06-13 11:37:51,760 [INFO] IPUIPlugin:80 - create IPUIPlugin
2025-06-13 11:37:51,760 [INFO] PluginManager:220 - loadIPPluginJar : add i2s
2025-06-13 11:37:51,808 [INFO] IPUIPlugin:80 - create IPUIPlugin
2025-06-13 11:37:51,808 [INFO] PluginManager:220 - loadIPPluginJar : add i3c
2025-06-13 11:37:51,915 [INFO] IPUIPlugin:80 - create IPUIPlugin
2025-06-13 11:37:51,915 [INFO] PluginManager:220 - loadIPPluginJar : add ipddr
2025-06-13 11:37:52,018 [INFO] IPUIPlugin:80 - create IPUIPlugin
2025-06-13 11:37:52,019 [INFO] PluginManager:220 - loadIPPluginJar : add linkedlist
2025-06-13 11:37:52,058 [INFO] IPUIPlugin:80 - create IPUIPlugin
2025-06-13 11:37:52,058 [INFO] PluginManager:220 - loadIPPluginJar : add lorawan
2025-06-13 11:37:52,098 [INFO] IPUIPlugin:80 - create IPUIPlugin
2025-06-13 11:37:52,098 [INFO] PluginManager:220 - loadIPPluginJar : add ltdc
2025-06-13 11:37:52,113 [INFO] IPUIPlugin:80 - create IPUIPlugin
2025-06-13 11:37:52,114 [INFO] PluginManager:220 - loadIPPluginJar : add mdma
2025-06-13 11:37:52,128 [INFO] IPUIPlugin:80 - create IPUIPlugin
2025-06-13 11:37:52,128 [INFO] PluginManager:220 - loadIPPluginJar : add nvic
2025-06-13 11:37:52,172 [INFO] IPUIPlugin:80 - create IPUIPlugin
2025-06-13 11:37:52,172 [INFO] PluginManager:220 - loadIPPluginJar : add opamp
2025-06-13 11:37:52,242 [INFO] IPUIPlugin:80 - create IPUIPlugin
2025-06-13 11:37:52,242 [INFO] PluginManager:220 - loadIPPluginJar : add openamp
2025-06-13 11:37:52,296 [INFO] IPUIPlugin:80 - create IPUIPlugin
2025-06-13 11:37:52,296 [INFO] PluginManager:220 - loadIPPluginJar : add pdm2pcm
2025-06-13 11:37:52,315 [INFO] IPUIPlugin:80 - create IPUIPlugin
2025-06-13 11:37:52,317 [INFO] PluginManager:220 - loadIPPluginJar : add plateformsettings
2025-06-13 11:37:52,346 [INFO] IPUIPlugin:80 - create IPUIPlugin
2025-06-13 11:37:52,346 [INFO] PluginManager:220 - loadIPPluginJar : add quadspi
2025-06-13 11:37:52,379 [INFO] IPUIPlugin:80 - create IPUIPlugin
2025-06-13 11:37:52,379 [INFO] PluginManager:220 - loadIPPluginJar : add radio
2025-06-13 11:37:52,395 [INFO] IPUIPlugin:80 - create IPUIPlugin
2025-06-13 11:37:52,395 [INFO] PluginManager:220 - loadIPPluginJar : add resmgrutility
2025-06-13 11:37:52,450 [INFO] IPUIPlugin:80 - create IPUIPlugin
2025-06-13 11:37:52,450 [INFO] PluginManager:220 - loadIPPluginJar : add sai
2025-06-13 11:37:52,494 [INFO] IPUIPlugin:80 - create IPUIPlugin
2025-06-13 11:37:52,494 [INFO] PluginManager:220 - loadIPPluginJar : add spi
2025-06-13 11:37:52,577 [INFO] IPUIPlugin:80 - create IPUIPlugin
2025-06-13 11:37:52,577 [INFO] PluginManager:220 - loadIPPluginJar : add stm32_wpan
2025-06-13 11:37:52,606 [INFO] IPUIPlugin:80 - create IPUIPlugin
2025-06-13 11:37:52,607 [INFO] PluginManager:220 - loadIPPluginJar : add tim
2025-06-13 11:37:52,669 [INFO] IPUIPlugin:80 - create IPUIPlugin
2025-06-13 11:37:52,670 [INFO] PluginManager:220 - loadIPPluginJar : add touchsensing
2025-06-13 11:37:52,696 [INFO] IPUIPlugin:80 - create IPUIPlugin
2025-06-13 11:37:52,696 [INFO] PluginManager:220 - loadIPPluginJar : add tracer_emb
2025-06-13 11:37:52,723 [INFO] IPUIPlugin:80 - create IPUIPlugin
2025-06-13 11:37:52,724 [INFO] PluginManager:220 - loadIPPluginJar : add ts
2025-06-13 11:37:52,749 [INFO] IPUIPlugin:80 - create IPUIPlugin
2025-06-13 11:37:52,749 [INFO] PluginManager:220 - loadIPPluginJar : add tsc
2025-06-13 11:37:52,775 [INFO] IPUIPlugin:80 - create IPUIPlugin
2025-06-13 11:37:52,775 [INFO] PluginManager:220 - loadIPPluginJar : add ucpd
2025-06-13 11:37:52,825 [INFO] IPUIPlugin:80 - create IPUIPlugin
2025-06-13 11:37:52,825 [INFO] PluginManager:220 - loadIPPluginJar : add usart
2025-06-13 11:37:52,873 [INFO] IPUIPlugin:80 - create IPUIPlugin
2025-06-13 11:37:52,873 [INFO] PluginManager:220 - loadIPPluginJar : add usbx
2025-06-13 11:37:53,000 [FATAL] Updater:351 - Updater called before beeing initialized
2025-06-13 11:37:53,039 [INFO] RulesReader:64 - Compatibility file has been processed (302 Rules)
2025-06-13 11:37:53,047 [INFO] RulesReader:64 - Compatibility file has been processed (302 Rules)
2025-06-13 11:37:53,055 [INFO] CADModel:165 - CPN selected for project level
2025-06-13 11:37:53,055 [INFO] CADModel:114 - Register for checkConnection events
2025-06-13 11:37:53,055 [FATAL] Updater:351 - Updater called before beeing initialized
2025-06-13 11:37:53,055 [ERROR] CADModel:125 - Updater not yet initialized, retry later 
2025-06-13 11:37:53,205 [FATAL] Updater:351 - Updater called before beeing initialized
2025-06-13 11:37:53,208 [INFO] CADModel:165 - CPN selected for project level
2025-06-13 11:37:53,208 [INFO] CADModel:114 - Register for checkConnection events
2025-06-13 11:37:53,208 [FATAL] Updater:351 - Updater called before beeing initialized
2025-06-13 11:37:53,208 [ERROR] CADModel:125 - Updater not yet initialized, retry later 
2025-06-13 11:37:53,212 [FATAL] Updater:351 - Updater called before beeing initialized
2025-06-13 11:37:53,231 [INFO] ThirdPartyUpdaterWithRetryManager:70 - Updater plugin not ready yet. [2/15]
2025-06-13 11:37:53,305 [FATAL] Updater:351 - Updater called before beeing initialized
2025-06-13 11:37:53,317 [INFO] DbMcusAds:53 - JSON generation date=Wed May 07 14:37:55 IST 2025 (1746608875484)
2025-06-13 11:37:53,318 [FATAL] Updater:351 - Updater called before beeing initialized
2025-06-13 11:37:53,362 [WARN] DetailPanel:346 - Failed to get advertising image, set to default
2025-06-13 11:37:53,625 [FATAL] Updater:351 - Updater called before beeing initialized
2025-06-13 11:37:53,628 [FATAL] Updater:351 - Updater called before beeing initialized
2025-06-13 11:37:53,628 [FATAL] Updater:351 - Updater called before beeing initialized
2025-06-13 11:37:53,629 [WARN] DetailPanel:346 - Failed to get advertising image, set to default
2025-06-13 11:37:53,630 [FATAL] Updater:351 - Updater called before beeing initialized
2025-06-13 11:37:53,688 [ERROR] Updater:1198 - MainUpdater not yet initialized. External WinMGr cannot be set.
2025-06-13 11:37:53,700 [INFO] Updater:1134 - Updater Version found : 6.14.1
2025-06-13 11:37:53,716 [INFO] ApplicationProperties:184 - Using Application install path: C:\ST\STM32CubeIDE_1.18.1\STM32CubeIDE\plugins\com.st.stm32cube.common.mx_6.14.1.202504091515
2025-06-13 11:37:55,300 [ERROR] LogOutputStream:75 - [STDERR_REDIRECT] Jun 13, 2025 11:37:55 AM java.util.prefs.WindowsPreferences <init>
2025-06-13 11:37:55,301 [ERROR] LogOutputStream:75 - [STDERR_REDIRECT] WARNING: Could not open/create prefs root node Software\JavaSoft\Prefs at root 0xffffffff80000002. Windows RegCreateKeyEx(...) returned error code 5.
2025-06-13 11:37:55,301 [ERROR] LogOutputStream:75 - [STDERR_REDIRECT] 
2025-06-13 11:37:55,762 [INFO] MainUpdater:2872 - connection check result : 10
2025-06-13 11:37:55,762 [INFO] MainUpdater:3566 - Updater definition file requires update
2025-06-13 11:37:55,763 [INFO] MainUpdater:289 - Updater Check For Update Now.
2025-06-13 11:37:55,764 [INFO] MicroXplorer:498 - Change Database Version : DB.6.0.141
2025-06-13 11:37:55,796 [INFO] McuFinderGlobals:63 - Set McuFinder mode to 2 (CubeIDE integrated)
2025-06-13 11:37:55,805 [INFO] UserAuth:484 - Internet connection configuration mode: 1
2025-06-13 11:37:55,840 [INFO] JxBrowserEngine:152 - Initiate JxBrowser Engine with user profile folder
2025-06-13 11:37:55,913 [INFO] ServerAccessManage:473 - Download File updaters.zip
2025-06-13 11:37:56,098 [INFO] FileExtend:242 - Unzip File : updaters.zip
2025-06-13 11:37:56,098 [INFO] FileExtend:257 - Standard Zip Deflate
2025-06-13 11:37:56,232 [WARN] MainUpdater:1193 - Updater busy. Cannot search thirdparties
2025-06-13 11:37:56,233 [INFO] ThirdPartyUpdaterWithRetryManager:96 - Updater plugin is busy. [1/15]
2025-06-13 11:37:56,924 [INFO] ServerAccessManage:473 - Download File PacksControlFlags.xml
2025-06-13 11:37:57,201 [INFO] ServerAccessManage:473 - Download File cubemx.pidx
2025-06-13 11:37:57,985 [INFO] WebApp:169 - Instantiating new browser for Auth
2025-06-13 11:37:58,583 [INFO] ServerAccessManage:473 - Download File STMicroelectronics.X-CUBE-MEMS1.pdsc
2025-06-13 11:37:58,840 [INFO] WebApp:463 - Apply proxy settings
2025-06-13 11:37:58,840 [INFO] WebApp:548 - Chromium requires no authentication
2025-06-13 11:37:58,848 [INFO] WebApp:491 - Direct internet connection detected
2025-06-13 11:37:58,874 [INFO] WebApp:894 - Register for checkConnection events
2025-06-13 11:37:58,875 [INFO] WebApp:463 - Apply proxy settings
2025-06-13 11:37:58,875 [INFO] WebApp:548 - Chromium requires no authentication
2025-06-13 11:37:58,875 [INFO] WebApp:491 - Direct internet connection detected
2025-06-13 11:37:59,044 [INFO] WebApp:225 - Starting web application
2025-06-13 11:37:59,044 [INFO] WebApp:593 - Web application path used C:\ST\STM32CubeIDE_1.18.1\STM32CubeIDE\plugins\com.st.stm32cube.common.mx_6.14.1.202504091515\db\plugins\mcufinder\reactClient1\index.html
2025-06-13 11:37:59,234 [WARN] MainUpdater:1193 - Updater busy. Cannot search thirdparties
2025-06-13 11:37:59,234 [INFO] ThirdPartyUpdaterWithRetryManager:96 - Updater plugin is busy. [2/15]
2025-06-13 11:37:59,349 [INFO] UserAuth:484 - Internet connection configuration mode: 1
2025-06-13 11:37:59,989 [INFO] WebApp:191 - Connection restablished
2025-06-13 11:38:02,235 [WARN] MainUpdater:1193 - Updater busy. Cannot search thirdparties
2025-06-13 11:38:02,235 [INFO] ThirdPartyUpdaterWithRetryManager:96 - Updater plugin is busy. [3/15]
2025-06-13 11:38:05,238 [WARN] MainUpdater:1193 - Updater busy. Cannot search thirdparties
2025-06-13 11:38:05,238 [INFO] ThirdPartyUpdaterWithRetryManager:96 - Updater plugin is busy. [4/15]
2025-06-13 11:38:06,038 [WARN] PackLoader:240 - Cannot read IP mode file for STMicroelectronics.X-CUBE-MEMS1.11.3.0
2025-06-13 11:38:06,099 [INFO] CheckServerUpdateThread:120 - End of CheckServer Thread
2025-06-13 11:38:06,157 [INFO] PopulateThirdPartyThread:66 - Ending populate Thread
2025-06-13 11:38:06,158 [INFO] ThirdParty:1030 - CMSIS Pack Vendor :STMicroelectronics X-CUBE-MEMS1 11.3.0
2025-06-13 11:38:06,158 [INFO] LoadServerUpdatesThread:375 - End of LoadServerUpdate Thread
2025-06-13 11:38:08,404 [WARN] PackLoader:240 - Cannot read IP mode file for STMicroelectronics.FP-SNS-MOTENVWB1.1.4.0
2025-06-13 11:38:08,410 [WARN] PackLoader:240 - Cannot read IP mode file for STMicroelectronics.FP-ATR-ASTRA1.2.0.2
2025-06-13 11:38:08,426 [WARN] PackLoader:240 - Cannot read IP mode file for STMicroelectronics.X-CUBE-SMBUS.2.1.0
2025-06-13 11:38:08,440 [WARN] PackLoader:240 - Cannot read IP mode file for STMicroelectronics.X-CUBE-ST60.1.0.0
2025-06-13 11:38:08,471 [WARN] PackLoader:240 - Cannot read IP mode file for STMicroelectronics.X-CUBE-AZRTOS-F7.1.1.0
2025-06-13 11:38:08,502 [WARN] PackLoader:240 - Cannot read IP mode file for Infineon.AIROC-Wi-Fi-Bluetooth-STM32.1.7.0
2025-06-13 11:38:08,523 [WARN] PackLoader:240 - Cannot read IP mode file for STMicroelectronics.X-CUBE-DISPLAY.3.0.0
2025-06-13 11:38:08,544 [WARN] PackLoader:240 - Cannot read IP mode file for STMicroelectronics.X-CUBE-NFC10.1.0.0
2025-06-13 11:38:08,566 [WARN] PackLoader:240 - Cannot read IP mode file for STMicroelectronics.X-CUBE-BLEMGR.4.0.0
2025-06-13 11:38:08,585 [WARN] PackLoader:240 - Cannot read IP mode file for emotas.I-CUBE-CANOPEN.1.3.0
2025-06-13 11:38:08,592 [WARN] ConditionMgr:438 - getConditionDescription Invalid condition id : Cortex-A Device cause : null
2025-06-13 11:38:08,618 [WARN] ConditionMgr:1044 - genDependencies : Invalid condition id : Cortex-A Device cause : null
2025-06-13 11:38:08,618 [WARN] ConditionMgr:1044 - genDependencies : Invalid condition id : Cortex-A Device cause : null
2025-06-13 11:38:08,618 [WARN] ConditionMgr:1044 - genDependencies : Invalid condition id : Cortex-A Device cause : null
2025-06-13 11:38:08,632 [WARN] PackLoader:240 - Cannot read IP mode file for STMicroelectronics.FP-SNS-SMARTAG2.1.2.0
2025-06-13 11:38:08,638 [WARN] PackLoader:240 - Cannot read IP mode file for STMicroelectronics.FP-SNS-FLIGHT1.5.1.0
2025-06-13 11:38:08,656 [INFO] LogOutputStream:77 - [STDOUT_REDIRECT] 1 : Invalid condition id : UX_CORESTACK_Condition cause : null
2025-06-13 11:38:08,657 [INFO] LogOutputStream:77 - [STDOUT_REDIRECT] 1 : Invalid condition id : UX_CORESTACK_Condition cause : null
2025-06-13 11:38:08,658 [INFO] LogOutputStream:77 - [STDOUT_REDIRECT] 1 : Invalid condition id : UX_CORESTACK_Condition cause : null
2025-06-13 11:38:08,659 [INFO] LogOutputStream:77 - [STDOUT_REDIRECT] 1 : Invalid condition id : UX_CORESTACK_Condition cause : null
2025-06-13 11:38:08,662 [INFO] LogOutputStream:77 - [STDOUT_REDIRECT] 1 : Invalid condition id : UX_CORESTACK_Condition cause : null
2025-06-13 11:38:08,666 [WARN] PackLoader:240 - Cannot read IP mode file for STMicroelectronics.X-CUBE-AZRTOS-WL.2.0.0
2025-06-13 11:38:08,682 [WARN] PackLoader:240 - Cannot read IP mode file for STMicroelectronics.FP-SNS-MOTENV1.5.0.0
2025-06-13 11:38:08,702 [WARN] PackLoader:240 - Cannot read IP mode file for WES.I-CUBE-Cesium.1.3.0
2025-06-13 11:38:08,718 [WARN] PackLoader:240 - Cannot read IP mode file for STMicroelectronics.X-CUBE-BLE2.3.3.0
2025-06-13 11:38:08,736 [WARN] PackLoader:240 - Cannot read IP mode file for STMicroelectronics.X-CUBE-NFC9.1.0.0
2025-06-13 11:38:08,750 [WARN] PackLoader:240 - Cannot read IP mode file for wolfSSL.I-CUBE-wolfSSL.5.8.0
2025-06-13 11:38:08,767 [WARN] PackLoader:240 - Cannot read IP mode file for STMicroelectronics.X-CUBE-BLE1.7.1.0
2025-06-13 11:38:08,772 [WARN] PackLoader:240 - Cannot read IP mode file for wolfSSL.I-CUBE-wolfMQTT.1.19.2
2025-06-13 11:38:08,787 [WARN] PackLoader:240 - Cannot read IP mode file for STMicroelectronics.X-CUBE-AI.10.1.0
2025-06-13 11:38:08,833 [WARN] PackLoader:240 - Cannot read IP mode file for STMicroelectronics.X-CUBE-MEMS1.11.2.0
2025-06-13 11:38:08,946 [WARN] PackLoader:240 - Cannot read IP mode file for STMicroelectronics.X-CUBE-AZRTOS-G0.1.1.0
2025-06-13 11:38:08,971 [WARN] PackLoader:240 - Cannot read IP mode file for STMicroelectronics.X-CUBE-SAFEA1.1.2.2
2025-06-13 11:38:08,990 [WARN] PackLoader:240 - Cannot read IP mode file for STMicroelectronics.X-CUBE-NFC4.3.0.0
2025-06-13 11:38:09,009 [WARN] PackLoader:240 - Cannot read IP mode file for EmbeddedOffice.I-CUBE-FS-RTOS.1.0.1
2025-06-13 11:38:09,025 [WARN] PackLoader:240 - Cannot read IP mode file for STMicroelectronics.X-CUBE-WB05N.2.0.0
2025-06-13 11:38:09,030 [WARN] PackLoader:240 - Cannot read IP mode file for wolfSSL.I-CUBE-wolfTPM.3.8.0
2025-06-13 11:38:09,043 [WARN] PackLoader:240 - Cannot read IP mode file for STMicroelectronics.X-CUBE-TCPP.4.2.0
2025-06-13 11:38:09,057 [WARN] PackLoader:240 - Cannot read IP mode file for RealThread.X-CUBE-RT-Thread_Nano.4.1.1
2025-06-13 11:38:09,061 [WARN] PackLoader:240 - Cannot read IP mode file for STMicroelectronics.FP-ATR-SIGFOX1.3.2.0
2025-06-13 11:38:09,075 [WARN] PackLoader:240 - Cannot read IP mode file for STMicroelectronics.X-CUBE-EEPRMA1.5.1.0
2025-06-13 11:38:09,091 [WARN] PackLoader:240 - Cannot read IP mode file for ITTIA_DB.I-CUBE-ITTIADB.8.9.0
2025-06-13 11:38:09,109 [WARN] PackLoader:240 - Cannot read IP mode file for STMicroelectronics.X-CUBE-ST67W61.1.0.0
2025-06-13 11:38:09,137 [WARN] PackLoader:240 - Cannot read IP mode file for SEGGER.I-CUBE-embOS.1.3.1
2025-06-13 11:38:09,184 [WARN] PackLoader:240 - Cannot read IP mode file for STMicroelectronics.X-CUBE-ALGOBUILD.1.4.0
2025-06-13 11:38:09,253 [WARN] PackLoader:240 - Cannot read IP mode file for STMicroelectronics.X-CUBE-MEMS1.11.3.0
2025-06-13 11:38:09,335 [WARN] PackLoader:240 - Cannot read IP mode file for STMicroelectronics.X-CUBE-AZRTOS-F4.1.1.0
2025-06-13 11:38:09,342 [WARN] PackLoader:240 - Cannot read IP mode file for Avnet-IotConnect.X-CUBE-IoTC-DA16k-PMOD.1.0.0
2025-06-13 11:38:09,356 [WARN] PackLoader:240 - Cannot read IP mode file for STMicroelectronics.X-CUBE-ISPU.2.1.0
2025-06-13 11:38:09,382 [WARN] PackLoader:240 - Cannot read IP mode file for STMicroelectronics.X-CUBE-AZRTOS-L5.2.0.0
2025-06-13 11:38:09,401 [WARN] PackLoader:240 - Cannot read IP mode file for STMicroelectronics.X-CUBE-NFC6.3.1.0
2025-06-13 11:38:09,419 [WARN] PackLoader:240 - Cannot read IP mode file for STMicroelectronics.X-CUBE-FREERTOS.1.3.1
2025-06-13 11:38:09,437 [WARN] PackLoader:240 - Cannot read IP mode file for STMicroelectronics.X-CUBE-DPower.1.3.0
2025-06-13 11:38:09,469 [WARN] ConditionMgr:438 - getConditionDescription Invalid condition id : LAN8742 Phy interface Condition cause : null
2025-06-13 11:38:09,470 [WARN] PackLoader:240 - Cannot read IP mode file for STMicroelectronics.X-CUBE-AZRTOS-L4.2.0.0
2025-06-13 11:38:09,470 [WARN] ConditionMgr:1044 - genDependencies : Invalid condition id : LAN8742 Phy interface Condition cause : null
2025-06-13 11:38:09,471 [WARN] ConditionMgr:1044 - genDependencies : Invalid condition id : LAN8742 Phy interface Condition cause : null
2025-06-13 11:38:09,471 [WARN] ConditionMgr:1044 - genDependencies : Invalid condition id : LAN8742 Phy interface Condition cause : null
2025-06-13 11:38:09,488 [WARN] PackLoader:240 - Cannot read IP mode file for STMicroelectronics.X-CUBE-SFXS2LP1.4.0.0
2025-06-13 11:38:09,519 [WARN] PackLoader:240 - Cannot read IP mode file for STMicroelectronics.X-CUBE-AZRTOS-H7.3.3.0
2025-06-13 11:38:09,546 [WARN] ConditionMgr:438 - getConditionDescription Invalid condition id : UX DEVICE CLASS RTOS Condition cause : null
2025-06-13 11:38:09,546 [WARN] ConditionMgr:438 - getConditionDescription Invalid condition id : UX DEVICE CLASS RTOS Condition cause : null
2025-06-13 11:38:09,547 [WARN] PackLoader:240 - Cannot read IP mode file for STMicroelectronics.X-CUBE-AZRTOS-WB.2.0.0
2025-06-13 11:38:09,549 [WARN] ConditionMgr:1044 - genDependencies : Invalid condition id : UX DEVICE CLASS RTOS Condition cause : null
2025-06-13 11:38:09,549 [WARN] ConditionMgr:1044 - genDependencies : Invalid condition id : UX DEVICE CLASS RTOS Condition cause : null
2025-06-13 11:38:09,549 [WARN] ConditionMgr:1044 - genDependencies : Invalid condition id : UX DEVICE CLASS RTOS Condition cause : null
2025-06-13 11:38:09,549 [WARN] ConditionMgr:1044 - genDependencies : Invalid condition id : UX DEVICE CLASS RTOS Condition cause : null
2025-06-13 11:38:09,550 [WARN] ConditionMgr:1044 - genDependencies : Invalid condition id : UX DEVICE CLASS RTOS Condition cause : null
2025-06-13 11:38:09,566 [WARN] PackLoader:240 - Cannot read IP mode file for STMicroelectronics.X-CUBE-GNSS1.7.0.1
2025-06-13 11:38:09,584 [WARN] PackLoader:240 - Cannot read IP mode file for STMicroelectronics.X-CUBE-TOUCHGFX.4.25.0
2025-06-13 11:38:09,603 [WARN] PackLoader:240 - Cannot read IP mode file for STMicroelectronics.FP-SNS-STBOX1.2.0.0
2025-06-13 11:38:09,624 [WARN] PackLoader:240 - Cannot read IP mode file for STMicroelectronics.X-CUBE-SUBG2.5.0.0
2025-06-13 11:38:09,655 [WARN] PackLoader:240 - Cannot read IP mode file for STMicroelectronics.X-CUBE-AZRTOS-H7RS.1.1.0
2025-06-13 11:38:09,663 [WARN] PackLoader:240 - Cannot read IP mode file for Cesanta.I-CUBE-Mongoose.7.13.0
2025-06-13 11:38:09,690 [WARN] PackLoader:240 - Cannot read IP mode file for STMicroelectronics.X-CUBE-AZRTOS-G4.2.0.0
2025-06-13 11:38:09,697 [WARN] PackLoader:240 - Cannot read IP mode file for wolfSSL.I-CUBE-wolfSSH.1.4.20
2025-06-13 11:38:09,712 [WARN] PackLoader:240 - Cannot read IP mode file for STMicroelectronics.X-CUBE-NFC7.2.0.0
2025-06-13 11:38:09,736 [WARN] PackLoader:240 - Cannot read IP mode file for STMicroelectronics.X-CUBE-IPS.3.1.0
2025-06-13 11:38:09,753 [WARN] PackLoader:240 - Cannot read IP mode file for STMicroelectronics.X-CUBE-ALS.1.0.2
2025-06-13 11:38:09,770 [WARN] PackLoader:240 - Cannot read IP mode file for portGmbH.I-Cube-SoM-uGOAL.1.1.0
2025-06-13 11:38:09,794 [WARN] PackLoader:240 - Cannot read IP mode file for STMicroelectronics.X-CUBE-TOF1.3.4.3
2025-06-13 11:38:09,799 [INFO] ThirdParty:978 - Integrity check success = true
2025-06-13 11:38:09,799 [INFO] IntegrityCheckThread:100 - exiting critical section [integrity check]
2025-06-13 11:38:09,799 [INFO] IntegrityCheckThread:103 - End integrity checks thread
2025-06-13 11:48:49,413 [ERROR] LogOutputStream:75 - [STDERR_REDIRECT] 
